<!DOCTYPE html PUBLIC "-//W3C//DTD XHTML 1.1//EN" "http://www.w3.org/TR/xhtml11/DTD/xhtml11.dtd">
<html xmlns="http://www.w3.org/1999/xhtml"><head><title>TestNG Report</title><style type="text/css">table {margin-bottom:10px;border-collapse:collapse;empty-cells:show}th,td {border:1px solid #009;padding:.25em .5em}th {vertical-align:bottom}td {vertical-align:top}table a {font-weight:bold}.stripe td {background-color: #E6EBF9}.num {text-align:right}.passedodd td {background-color: #3F3}.passedeven td {background-color: #0A0}.skippedodd td {background-color: #DDD}.skippedeven td {background-color: #CCC}.failedodd td,.attn {background-color: #F33}.failedeven td,.stripe .attn {background-color: #D00}.stacktrace {white-space:pre;font-family:monospace}.totop {font-size:85%;text-align:center;border-bottom:2px solid #000}</style></head><body><table><tr><th>Test</th><th># Passed</th><th># Skipped</th><th># Failed</th><th>Time (ms)</th><th>Included Groups</th><th>Excluded Groups</th></tr><tr><th colspan="7">Tutorials Ninja Web App</th></tr><tr><td><a href="#t0">Tutorials Ninja Web App Test Cases</a></td><td class="num">6</td><td class="num attn">12</td><td class="num">0</td><td class="num">96,760</td><td></td><td></td></tr></table><table><thead><tr><th>Class</th><th>Method</th><th>Start</th><th>Time (ms)</th></tr></thead><tbody><tr><th colspan="4">Tutorials Ninja Web App</th></tr></tbody><tbody id="t0"><tr><th colspan="4">Tutorials Ninja Web App Test Cases &#8212; failed (configuration methods)</th></tr><tr class="failedeven"><td rowspan="1">com.tutorialsninja.qa.testcases.Login</td><td><a href="#m0">setup</a></td><td rowspan="1">1698770485476</td><td rowspan="1">0</td></tr><tr class="failedodd"><td rowspan="1">com.tutorialsninja.qa.testcases.Register</td><td><a href="#m1">setup</a></td><td rowspan="1">1698770497162</td><td rowspan="1">0</td></tr><tr class="failedeven"><td rowspan="1">com.tutorialsninja.qa.testcases.Search</td><td><a href="#m2">setup</a></td><td rowspan="1">1698770431850</td><td rowspan="1">0</td></tr><tr><th colspan="4">Tutorials Ninja Web App Test Cases &#8212; skipped (configuration methods)</th></tr><tr class="skippedeven"><td rowspan="15">com.tutorialsninja.qa.testcases.Login</td><td><a href="#m3">setup</a></td><td rowspan="7">1698770508169</td><td rowspan="7">0</td></tr><tr class="skippedeven"><td><a href="#m4">setup</a></td></tr><tr class="skippedeven"><td><a href="#m5">setup</a></td></tr><tr class="skippedeven"><td><a href="#m6">setup</a></td></tr><tr class="skippedeven"><td><a href="#m7">setup</a></td></tr><tr class="skippedeven"><td><a href="#m8">setup</a></td></tr><tr class="skippedeven"><td><a href="#m9">setup</a></td></tr><tr class="skippedeven"><td><a href="#m10">tearDown</a></td><td rowspan="8">1698770496496</td><td rowspan="8">0</td></tr><tr class="skippedeven"><td><a href="#m11">tearDown</a></td></tr><tr class="skippedeven"><td><a href="#m12">tearDown</a></td></tr><tr class="skippedeven"><td><a href="#m13">tearDown</a></td></tr><tr class="skippedeven"><td><a href="#m14">tearDown</a></td></tr><tr class="skippedeven"><td><a href="#m15">tearDown</a></td></tr><tr class="skippedeven"><td><a href="#m16">tearDown</a></td></tr><tr class="skippedeven"><td><a href="#m17">tearDown</a></td></tr><tr class="skippedodd"><td rowspan="3">com.tutorialsninja.qa.testcases.Register</td><td><a href="#m18">setup</a></td><td rowspan="1">1698770508160</td><td rowspan="1">0</td></tr><tr class="skippedodd"><td><a href="#m19">tearDown</a></td><td rowspan="2">1698770508161</td><td rowspan="2">0</td></tr><tr class="skippedodd"><td><a href="#m20">tearDown</a></td></tr><tr class="skippedeven"><td rowspan="3">com.tutorialsninja.qa.testcases.Search</td><td><a href="#m21">setup</a></td><td rowspan="1">1698770442790</td><td rowspan="1">0</td></tr><tr class="skippedeven"><td><a href="#m22">tearDown</a></td><td rowspan="2">1698770442796</td><td rowspan="2">0</td></tr><tr class="skippedeven"><td><a href="#m23">tearDown</a></td></tr><tr><th colspan="4">Tutorials Ninja Web App Test Cases &#8212; skipped</th></tr><tr class="skippedeven"><td rowspan="8">com.tutorialsninja.qa.testcases.Login</td><td><a href="#m24">TC_LF_002_verifyLoginWithInValidCredentialsDataProvider</a></td><td rowspan="2">1698770496493</td><td rowspan="2">1</td></tr><tr class="skippedeven"><td><a href="#m25">TC_LF_002_verifyLoginWithInValidCredentialsDataProvider</a></td></tr><tr class="skippedeven"><td><a href="#m26">TC_LF_002_verifyLoginWithInValidCredentialsDataProviderExcel</a></td><td rowspan="3">1698770497160</td><td rowspan="3">0</td></tr><tr class="skippedeven"><td><a href="#m27">TC_LF_002_verifyLoginWithInValidCredentialsDataProviderExcel</a></td></tr><tr class="skippedeven"><td><a href="#m28">TC_LF_002_verifyLoginWithInValidCredentialsDataProviderExcel</a></td></tr><tr class="skippedeven"><td><a href="#m29">TC_LF_003_verifyLoginWithInalidEmailAndValidPassword</a></td><td rowspan="1">1698770508166</td><td rowspan="1">1</td></tr><tr class="skippedeven"><td><a href="#m30">TC_LF_004_verifyLoginWithValidEmailAndInvalidPassword</a></td><td rowspan="1">1698770508162</td><td rowspan="1">1</td></tr><tr class="skippedeven"><td><a href="#m31">TC_LF_005_verifyLoginWithputProvidingCredentials</a></td><td rowspan="1">1698770508169</td><td rowspan="1">1</td></tr><tr class="skippedodd"><td rowspan="2">com.tutorialsninja.qa.testcases.Register</td><td><a href="#m32">TC_RF_004_verifyRegisterAccountWithoutGivingAnyFields</a></td><td rowspan="1">1698770508155</td><td rowspan="1">2</td></tr><tr class="skippedodd"><td><a href="#m33">TC_RF_009_verifyRegisterAccountWithExsitingEmailAddress</a></td><td rowspan="1">1698770508160</td><td rowspan="1">1</td></tr><tr class="skippedeven"><td rowspan="2">com.tutorialsninja.qa.testcases.Search</td><td><a href="#m34">TC_SF_002_verifySearchWithInValidProduct</a></td><td rowspan="1">1698770442783</td><td rowspan="1">2</td></tr><tr class="skippedeven"><td><a href="#m35">TC_SF_003_verifySearchWithoutEnteringProduct</a></td><td rowspan="1">1698770442791</td><td rowspan="1">1</td></tr><tr><th colspan="4">Tutorials Ninja Web App Test Cases &#8212; passed</th></tr><tr class="passedeven"><td rowspan="3">com.tutorialsninja.qa.testcases.Login</td><td><a href="#m36">TC_LF_001_verifyLoginWithValidCredentials</a></td><td rowspan="1">1698770450525</td><td rowspan="1">799</td></tr><tr class="passedeven"><td><a href="#m37">TC_LF_002_verifyLoginWithInValidCredentials</a></td><td rowspan="1">1698770474348</td><td rowspan="1">594</td></tr><tr class="passedeven"><td><a href="#m38">TC_LF_002_verifyLoginWithInValidCredentialsDataProvider</a></td><td rowspan="1">1698770484773</td><td rowspan="1">569</td></tr><tr class="passedodd"><td rowspan="2">com.tutorialsninja.qa.testcases.Register</td><td><a href="#m39">TC_RF_001_verifyRegisterAccountWithAllFields</a></td><td rowspan="1">1698770463881</td><td rowspan="1">1158</td></tr><tr class="passedodd"><td><a href="#m40">TC_RF_001_verifyRegisterAccountWithMandatoryFields</a></td><td rowspan="1">1698770422160</td><td rowspan="1">1089</td></tr><tr class="passedeven"><td rowspan="1">com.tutorialsninja.qa.testcases.Search</td><td><a href="#m41">TC_SF_001_verifySearchWithValidProduct</a></td><td rowspan="1">1698770430892</td><td rowspan="1">810</td></tr></tbody></table><h2>Tutorials Ninja Web App Test Cases</h2><h3 id="m0">com.tutorialsninja.qa.testcases.Login#setup</h3><table class="result"><tr><th>Exception</th></tr><tr><td><div class="stacktrace">org.openqa.selenium.TimeoutException: timeout: Timed out receiving message from renderer: 9.043
  (Session info: chrome=118.0.5993.118)
Build info: version: &apos;4.14.1&apos;, revision: &apos;03f8ede370&apos;
System info: os.name: &apos;Windows 11&apos;, os.arch: &apos;amd64&apos;, os.version: &apos;10.0&apos;, java.version: &apos;17.0.3&apos;
Driver info: org.openqa.selenium.chrome.ChromeDriver
Command: [cb0a7a398e4283177cf61c010e9b52b4, get {url=https://tutorialsninja.com/demo/}]
Capabilities {acceptInsecureCerts: false, browserName: chrome, browserVersion: 118.0.5993.118, chrome: {chromedriverVersion: 118.0.5993.70 (e52f33f30b91..., userDataDir: C:\Users\Raghav\AppData\Loc...}, fedcm:accounts: true, goog:chromeOptions: {debuggerAddress: localhost:62234}, networkConnectionEnabled: false, pageLoadStrategy: normal, platformName: windows, proxy: Proxy(), se:cdp: ws://localhost:62234/devtoo..., se:cdpVersion: 118.0.5993.118, setWindowRect: true, strictFileInteractability: false, timeouts: {implicit: 0, pageLoad: 300000, script: 30000}, unhandledPromptBehavior: dismiss and notify, webauthn:extension:credBlob: true, webauthn:extension:largeBlob: true, webauthn:extension:minPinLength: true, webauthn:extension:prf: true, webauthn:virtualAuthenticators: true}
Session ID: cb0a7a398e4283177cf61c010e9b52b4
	at org.openqa.selenium.remote.codec.w3c.W3CHttpResponseCodec.createException(W3CHttpResponseCodec.java:200)
	at org.openqa.selenium.remote.codec.w3c.W3CHttpResponseCodec.decode(W3CHttpResponseCodec.java:133)
	at org.openqa.selenium.remote.codec.w3c.W3CHttpResponseCodec.decode(W3CHttpResponseCodec.java:52)
	at org.openqa.selenium.remote.HttpCommandExecutor.execute(HttpCommandExecutor.java:191)
	at org.openqa.selenium.remote.service.DriverCommandExecutor.invokeExecute(DriverCommandExecutor.java:200)
	at org.openqa.selenium.remote.service.DriverCommandExecutor.execute(DriverCommandExecutor.java:175)
	at org.openqa.selenium.remote.RemoteWebDriver.execute(RemoteWebDriver.java:602)
	at org.openqa.selenium.remote.RemoteWebDriver.get(RemoteWebDriver.java:304)
	at com.tutorialsninja.qa.baseclass.BaseClass.initializeBrowserAndOpenURl(BaseClass.java:52)
	at com.tutorialsninja.qa.testcases.Login.setup(Login.java:31)
... Removed 32 stack frames</div></td></tr></table><p class="totop"><a href="#summary">back to summary</a></p><h3 id="m1">com.tutorialsninja.qa.testcases.Register#setup</h3><table class="result"><tr><th>Exception</th></tr><tr><td><div class="stacktrace">org.openqa.selenium.TimeoutException: timeout: Timed out receiving message from renderer: 9.137
  (Session info: chrome=118.0.5993.118)
Build info: version: &apos;4.14.1&apos;, revision: &apos;03f8ede370&apos;
System info: os.name: &apos;Windows 11&apos;, os.arch: &apos;amd64&apos;, os.version: &apos;10.0&apos;, java.version: &apos;17.0.3&apos;
Driver info: org.openqa.selenium.chrome.ChromeDriver
Command: [99356e72f2fd397a3474ff574803680b, get {url=https://tutorialsninja.com/demo/}]
Capabilities {acceptInsecureCerts: false, browserName: chrome, browserVersion: 118.0.5993.118, chrome: {chromedriverVersion: 118.0.5993.70 (e52f33f30b91..., userDataDir: C:\Users\Raghav\AppData\Loc...}, fedcm:accounts: true, goog:chromeOptions: {debuggerAddress: localhost:62252}, networkConnectionEnabled: false, pageLoadStrategy: normal, platformName: windows, proxy: Proxy(), se:cdp: ws://localhost:62252/devtoo..., se:cdpVersion: 118.0.5993.118, setWindowRect: true, strictFileInteractability: false, timeouts: {implicit: 0, pageLoad: 300000, script: 30000}, unhandledPromptBehavior: dismiss and notify, webauthn:extension:credBlob: true, webauthn:extension:largeBlob: true, webauthn:extension:minPinLength: true, webauthn:extension:prf: true, webauthn:virtualAuthenticators: true}
Session ID: 99356e72f2fd397a3474ff574803680b
	at org.openqa.selenium.remote.codec.w3c.W3CHttpResponseCodec.createException(W3CHttpResponseCodec.java:200)
	at org.openqa.selenium.remote.codec.w3c.W3CHttpResponseCodec.decode(W3CHttpResponseCodec.java:133)
	at org.openqa.selenium.remote.codec.w3c.W3CHttpResponseCodec.decode(W3CHttpResponseCodec.java:52)
	at org.openqa.selenium.remote.HttpCommandExecutor.execute(HttpCommandExecutor.java:191)
	at org.openqa.selenium.remote.service.DriverCommandExecutor.invokeExecute(DriverCommandExecutor.java:200)
	at org.openqa.selenium.remote.service.DriverCommandExecutor.execute(DriverCommandExecutor.java:175)
	at org.openqa.selenium.remote.RemoteWebDriver.execute(RemoteWebDriver.java:602)
	at org.openqa.selenium.remote.RemoteWebDriver.get(RemoteWebDriver.java:304)
	at com.tutorialsninja.qa.baseclass.BaseClass.initializeBrowserAndOpenURl(BaseClass.java:52)
	at com.tutorialsninja.qa.testcases.Register.setup(Register.java:28)
... Removed 32 stack frames</div></td></tr></table><p class="totop"><a href="#summary">back to summary</a></p><h3 id="m2">com.tutorialsninja.qa.testcases.Search#setup</h3><table class="result"><tr><th>Exception</th></tr><tr><td><div class="stacktrace">org.openqa.selenium.TimeoutException: timeout: Timed out receiving message from renderer: 9.166
  (Session info: chrome=118.0.5993.118)
Build info: version: &apos;4.14.1&apos;, revision: &apos;03f8ede370&apos;
System info: os.name: &apos;Windows 11&apos;, os.arch: &apos;amd64&apos;, os.version: &apos;10.0&apos;, java.version: &apos;17.0.3&apos;
Driver info: org.openqa.selenium.chrome.ChromeDriver
Command: [6db2e00646bccfb7a4519379ea50317f, get {url=https://tutorialsninja.com/demo/}]
Capabilities {acceptInsecureCerts: false, browserName: chrome, browserVersion: 118.0.5993.118, chrome: {chromedriverVersion: 118.0.5993.70 (e52f33f30b91..., userDataDir: C:\Users\Raghav\AppData\Loc...}, fedcm:accounts: true, goog:chromeOptions: {debuggerAddress: localhost:62128}, networkConnectionEnabled: false, pageLoadStrategy: normal, platformName: windows, proxy: Proxy(), se:cdp: ws://localhost:62128/devtoo..., se:cdpVersion: 118.0.5993.118, setWindowRect: true, strictFileInteractability: false, timeouts: {implicit: 0, pageLoad: 300000, script: 30000}, unhandledPromptBehavior: dismiss and notify, webauthn:extension:credBlob: true, webauthn:extension:largeBlob: true, webauthn:extension:minPinLength: true, webauthn:extension:prf: true, webauthn:virtualAuthenticators: true}
Session ID: 6db2e00646bccfb7a4519379ea50317f
	at org.openqa.selenium.remote.codec.w3c.W3CHttpResponseCodec.createException(W3CHttpResponseCodec.java:200)
	at org.openqa.selenium.remote.codec.w3c.W3CHttpResponseCodec.decode(W3CHttpResponseCodec.java:133)
	at org.openqa.selenium.remote.codec.w3c.W3CHttpResponseCodec.decode(W3CHttpResponseCodec.java:52)
	at org.openqa.selenium.remote.HttpCommandExecutor.execute(HttpCommandExecutor.java:191)
	at org.openqa.selenium.remote.service.DriverCommandExecutor.invokeExecute(DriverCommandExecutor.java:200)
	at org.openqa.selenium.remote.service.DriverCommandExecutor.execute(DriverCommandExecutor.java:175)
	at org.openqa.selenium.remote.RemoteWebDriver.execute(RemoteWebDriver.java:602)
	at org.openqa.selenium.remote.RemoteWebDriver.get(RemoteWebDriver.java:304)
	at com.tutorialsninja.qa.baseclass.BaseClass.initializeBrowserAndOpenURl(BaseClass.java:52)
	at com.tutorialsninja.qa.testcases.Search.setup(Search.java:27)
... Removed 32 stack frames</div></td></tr></table><p class="totop"><a href="#summary">back to summary</a></p><h3 id="m3">com.tutorialsninja.qa.testcases.Login#setup</h3><table class="result"></table><p class="totop"><a href="#summary">back to summary</a></p><h3 id="m4">com.tutorialsninja.qa.testcases.Login#setup</h3><table class="result"></table><p class="totop"><a href="#summary">back to summary</a></p><h3 id="m5">com.tutorialsninja.qa.testcases.Login#setup</h3><table class="result"></table><p class="totop"><a href="#summary">back to summary</a></p><h3 id="m6">com.tutorialsninja.qa.testcases.Login#setup</h3><table class="result"></table><p class="totop"><a href="#summary">back to summary</a></p><h3 id="m7">com.tutorialsninja.qa.testcases.Login#setup</h3><table class="result"></table><p class="totop"><a href="#summary">back to summary</a></p><h3 id="m8">com.tutorialsninja.qa.testcases.Login#setup</h3><table class="result"></table><p class="totop"><a href="#summary">back to summary</a></p><h3 id="m9">com.tutorialsninja.qa.testcases.Login#setup</h3><table class="result"></table><p class="totop"><a href="#summary">back to summary</a></p><h3 id="m10">com.tutorialsninja.qa.testcases.Login#tearDown</h3><table class="result"></table><p class="totop"><a href="#summary">back to summary</a></p><h3 id="m11">com.tutorialsninja.qa.testcases.Login#tearDown</h3><table class="result"></table><p class="totop"><a href="#summary">back to summary</a></p><h3 id="m12">com.tutorialsninja.qa.testcases.Login#tearDown</h3><table class="result"></table><p class="totop"><a href="#summary">back to summary</a></p><h3 id="m13">com.tutorialsninja.qa.testcases.Login#tearDown</h3><table class="result"></table><p class="totop"><a href="#summary">back to summary</a></p><h3 id="m14">com.tutorialsninja.qa.testcases.Login#tearDown</h3><table class="result"></table><p class="totop"><a href="#summary">back to summary</a></p><h3 id="m15">com.tutorialsninja.qa.testcases.Login#tearDown</h3><table class="result"></table><p class="totop"><a href="#summary">back to summary</a></p><h3 id="m16">com.tutorialsninja.qa.testcases.Login#tearDown</h3><table class="result"></table><p class="totop"><a href="#summary">back to summary</a></p><h3 id="m17">com.tutorialsninja.qa.testcases.Login#tearDown</h3><table class="result"></table><p class="totop"><a href="#summary">back to summary</a></p><h3 id="m18">com.tutorialsninja.qa.testcases.Register#setup</h3><table class="result"></table><p class="totop"><a href="#summary">back to summary</a></p><h3 id="m19">com.tutorialsninja.qa.testcases.Register#tearDown</h3><table class="result"></table><p class="totop"><a href="#summary">back to summary</a></p><h3 id="m20">com.tutorialsninja.qa.testcases.Register#tearDown</h3><table class="result"></table><p class="totop"><a href="#summary">back to summary</a></p><h3 id="m21">com.tutorialsninja.qa.testcases.Search#setup</h3><table class="result"></table><p class="totop"><a href="#summary">back to summary</a></p><h3 id="m22">com.tutorialsninja.qa.testcases.Search#tearDown</h3><table class="result"></table><p class="totop"><a href="#summary">back to summary</a></p><h3 id="m23">com.tutorialsninja.qa.testcases.Search#tearDown</h3><table class="result"></table><p class="totop"><a href="#summary">back to summary</a></p><h3 id="m24">com.tutorialsninja.qa.testcases.Login#TC_LF_002_verifyLoginWithInValidCredentialsDataProvider</h3><table class="result"><tr class="param"><th>Parameter #1</th><th>Parameter #2</th></tr><tr class="param stripe"><td>absdas@cadmail.com</td><td>12324</td></tr><tr><th colspan="2">Exception</th></tr><tr><td colspan="2"><div class="stacktrace">org.openqa.selenium.TimeoutException: timeout: Timed out receiving message from renderer: 9.043
  (Session info: chrome=118.0.5993.118)
Build info: version: &apos;4.14.1&apos;, revision: &apos;03f8ede370&apos;
System info: os.name: &apos;Windows 11&apos;, os.arch: &apos;amd64&apos;, os.version: &apos;10.0&apos;, java.version: &apos;17.0.3&apos;
Driver info: org.openqa.selenium.chrome.ChromeDriver
Command: [cb0a7a398e4283177cf61c010e9b52b4, get {url=https://tutorialsninja.com/demo/}]
Capabilities {acceptInsecureCerts: false, browserName: chrome, browserVersion: 118.0.5993.118, chrome: {chromedriverVersion: 118.0.5993.70 (e52f33f30b91..., userDataDir: C:\Users\Raghav\AppData\Loc...}, fedcm:accounts: true, goog:chromeOptions: {debuggerAddress: localhost:62234}, networkConnectionEnabled: false, pageLoadStrategy: normal, platformName: windows, proxy: Proxy(), se:cdp: ws://localhost:62234/devtoo..., se:cdpVersion: 118.0.5993.118, setWindowRect: true, strictFileInteractability: false, timeouts: {implicit: 0, pageLoad: 300000, script: 30000}, unhandledPromptBehavior: dismiss and notify, webauthn:extension:credBlob: true, webauthn:extension:largeBlob: true, webauthn:extension:minPinLength: true, webauthn:extension:prf: true, webauthn:virtualAuthenticators: true}
Session ID: cb0a7a398e4283177cf61c010e9b52b4
	at org.openqa.selenium.remote.codec.w3c.W3CHttpResponseCodec.createException(W3CHttpResponseCodec.java:200)
	at org.openqa.selenium.remote.codec.w3c.W3CHttpResponseCodec.decode(W3CHttpResponseCodec.java:133)
	at org.openqa.selenium.remote.codec.w3c.W3CHttpResponseCodec.decode(W3CHttpResponseCodec.java:52)
	at org.openqa.selenium.remote.HttpCommandExecutor.execute(HttpCommandExecutor.java:191)
	at org.openqa.selenium.remote.service.DriverCommandExecutor.invokeExecute(DriverCommandExecutor.java:200)
	at org.openqa.selenium.remote.service.DriverCommandExecutor.execute(DriverCommandExecutor.java:175)
	at org.openqa.selenium.remote.RemoteWebDriver.execute(RemoteWebDriver.java:602)
	at org.openqa.selenium.remote.RemoteWebDriver.get(RemoteWebDriver.java:304)
	at com.tutorialsninja.qa.baseclass.BaseClass.initializeBrowserAndOpenURl(BaseClass.java:52)
	at com.tutorialsninja.qa.testcases.Login.setup(Login.java:31)
... Removed 32 stack frames</div></td></tr></table><p class="totop"><a href="#summary">back to summary</a></p><h3 id="m25">com.tutorialsninja.qa.testcases.Login#TC_LF_002_verifyLoginWithInValidCredentialsDataProvider</h3><table class="result"><tr class="param"><th>Parameter #1</th><th>Parameter #2</th></tr><tr class="param stripe"><td>abs@camdail.com</td><td>12324</td></tr><tr><th colspan="2">Exception</th></tr><tr><td colspan="2"><div class="stacktrace">org.openqa.selenium.TimeoutException: timeout: Timed out receiving message from renderer: 9.043
  (Session info: chrome=118.0.5993.118)
Build info: version: &apos;4.14.1&apos;, revision: &apos;03f8ede370&apos;
System info: os.name: &apos;Windows 11&apos;, os.arch: &apos;amd64&apos;, os.version: &apos;10.0&apos;, java.version: &apos;17.0.3&apos;
Driver info: org.openqa.selenium.chrome.ChromeDriver
Command: [cb0a7a398e4283177cf61c010e9b52b4, get {url=https://tutorialsninja.com/demo/}]
Capabilities {acceptInsecureCerts: false, browserName: chrome, browserVersion: 118.0.5993.118, chrome: {chromedriverVersion: 118.0.5993.70 (e52f33f30b91..., userDataDir: C:\Users\Raghav\AppData\Loc...}, fedcm:accounts: true, goog:chromeOptions: {debuggerAddress: localhost:62234}, networkConnectionEnabled: false, pageLoadStrategy: normal, platformName: windows, proxy: Proxy(), se:cdp: ws://localhost:62234/devtoo..., se:cdpVersion: 118.0.5993.118, setWindowRect: true, strictFileInteractability: false, timeouts: {implicit: 0, pageLoad: 300000, script: 30000}, unhandledPromptBehavior: dismiss and notify, webauthn:extension:credBlob: true, webauthn:extension:largeBlob: true, webauthn:extension:minPinLength: true, webauthn:extension:prf: true, webauthn:virtualAuthenticators: true}
Session ID: cb0a7a398e4283177cf61c010e9b52b4
	at org.openqa.selenium.remote.codec.w3c.W3CHttpResponseCodec.createException(W3CHttpResponseCodec.java:200)
	at org.openqa.selenium.remote.codec.w3c.W3CHttpResponseCodec.decode(W3CHttpResponseCodec.java:133)
	at org.openqa.selenium.remote.codec.w3c.W3CHttpResponseCodec.decode(W3CHttpResponseCodec.java:52)
	at org.openqa.selenium.remote.HttpCommandExecutor.execute(HttpCommandExecutor.java:191)
	at org.openqa.selenium.remote.service.DriverCommandExecutor.invokeExecute(DriverCommandExecutor.java:200)
	at org.openqa.selenium.remote.service.DriverCommandExecutor.execute(DriverCommandExecutor.java:175)
	at org.openqa.selenium.remote.RemoteWebDriver.execute(RemoteWebDriver.java:602)
	at org.openqa.selenium.remote.RemoteWebDriver.get(RemoteWebDriver.java:304)
	at com.tutorialsninja.qa.baseclass.BaseClass.initializeBrowserAndOpenURl(BaseClass.java:52)
	at com.tutorialsninja.qa.testcases.Login.setup(Login.java:31)
... Removed 32 stack frames</div></td></tr></table><p class="totop"><a href="#summary">back to summary</a></p><h3 id="m26">com.tutorialsninja.qa.testcases.Login#TC_LF_002_verifyLoginWithInValidCredentialsDataProviderExcel</h3><table class="result"><tr class="param"><th>Parameter #1</th><th>Parameter #2</th></tr><tr class="param stripe"><td>abs@cmastail.com</td><td>125</td></tr><tr><th colspan="2">Exception</th></tr><tr><td colspan="2"><div class="stacktrace">org.openqa.selenium.TimeoutException: timeout: Timed out receiving message from renderer: 9.043
  (Session info: chrome=118.0.5993.118)
Build info: version: &apos;4.14.1&apos;, revision: &apos;03f8ede370&apos;
System info: os.name: &apos;Windows 11&apos;, os.arch: &apos;amd64&apos;, os.version: &apos;10.0&apos;, java.version: &apos;17.0.3&apos;
Driver info: org.openqa.selenium.chrome.ChromeDriver
Command: [cb0a7a398e4283177cf61c010e9b52b4, get {url=https://tutorialsninja.com/demo/}]
Capabilities {acceptInsecureCerts: false, browserName: chrome, browserVersion: 118.0.5993.118, chrome: {chromedriverVersion: 118.0.5993.70 (e52f33f30b91..., userDataDir: C:\Users\Raghav\AppData\Loc...}, fedcm:accounts: true, goog:chromeOptions: {debuggerAddress: localhost:62234}, networkConnectionEnabled: false, pageLoadStrategy: normal, platformName: windows, proxy: Proxy(), se:cdp: ws://localhost:62234/devtoo..., se:cdpVersion: 118.0.5993.118, setWindowRect: true, strictFileInteractability: false, timeouts: {implicit: 0, pageLoad: 300000, script: 30000}, unhandledPromptBehavior: dismiss and notify, webauthn:extension:credBlob: true, webauthn:extension:largeBlob: true, webauthn:extension:minPinLength: true, webauthn:extension:prf: true, webauthn:virtualAuthenticators: true}
Session ID: cb0a7a398e4283177cf61c010e9b52b4
	at org.openqa.selenium.remote.codec.w3c.W3CHttpResponseCodec.createException(W3CHttpResponseCodec.java:200)
	at org.openqa.selenium.remote.codec.w3c.W3CHttpResponseCodec.decode(W3CHttpResponseCodec.java:133)
	at org.openqa.selenium.remote.codec.w3c.W3CHttpResponseCodec.decode(W3CHttpResponseCodec.java:52)
	at org.openqa.selenium.remote.HttpCommandExecutor.execute(HttpCommandExecutor.java:191)
	at org.openqa.selenium.remote.service.DriverCommandExecutor.invokeExecute(DriverCommandExecutor.java:200)
	at org.openqa.selenium.remote.service.DriverCommandExecutor.execute(DriverCommandExecutor.java:175)
	at org.openqa.selenium.remote.RemoteWebDriver.execute(RemoteWebDriver.java:602)
	at org.openqa.selenium.remote.RemoteWebDriver.get(RemoteWebDriver.java:304)
	at com.tutorialsninja.qa.baseclass.BaseClass.initializeBrowserAndOpenURl(BaseClass.java:52)
	at com.tutorialsninja.qa.testcases.Login.setup(Login.java:31)
... Removed 32 stack frames</div></td></tr></table><p class="totop"><a href="#summary">back to summary</a></p><h3 id="m27">com.tutorialsninja.qa.testcases.Login#TC_LF_002_verifyLoginWithInValidCredentialsDataProviderExcel</h3><table class="result"><tr class="param"><th>Parameter #1</th><th>Parameter #2</th></tr><tr class="param stripe"><td>abs2@cmail.com</td><td>124</td></tr><tr><th colspan="2">Exception</th></tr><tr><td colspan="2"><div class="stacktrace">org.openqa.selenium.TimeoutException: timeout: Timed out receiving message from renderer: 9.043
  (Session info: chrome=118.0.5993.118)
Build info: version: &apos;4.14.1&apos;, revision: &apos;03f8ede370&apos;
System info: os.name: &apos;Windows 11&apos;, os.arch: &apos;amd64&apos;, os.version: &apos;10.0&apos;, java.version: &apos;17.0.3&apos;
Driver info: org.openqa.selenium.chrome.ChromeDriver
Command: [cb0a7a398e4283177cf61c010e9b52b4, get {url=https://tutorialsninja.com/demo/}]
Capabilities {acceptInsecureCerts: false, browserName: chrome, browserVersion: 118.0.5993.118, chrome: {chromedriverVersion: 118.0.5993.70 (e52f33f30b91..., userDataDir: C:\Users\Raghav\AppData\Loc...}, fedcm:accounts: true, goog:chromeOptions: {debuggerAddress: localhost:62234}, networkConnectionEnabled: false, pageLoadStrategy: normal, platformName: windows, proxy: Proxy(), se:cdp: ws://localhost:62234/devtoo..., se:cdpVersion: 118.0.5993.118, setWindowRect: true, strictFileInteractability: false, timeouts: {implicit: 0, pageLoad: 300000, script: 30000}, unhandledPromptBehavior: dismiss and notify, webauthn:extension:credBlob: true, webauthn:extension:largeBlob: true, webauthn:extension:minPinLength: true, webauthn:extension:prf: true, webauthn:virtualAuthenticators: true}
Session ID: cb0a7a398e4283177cf61c010e9b52b4
	at org.openqa.selenium.remote.codec.w3c.W3CHttpResponseCodec.createException(W3CHttpResponseCodec.java:200)
	at org.openqa.selenium.remote.codec.w3c.W3CHttpResponseCodec.decode(W3CHttpResponseCodec.java:133)
	at org.openqa.selenium.remote.codec.w3c.W3CHttpResponseCodec.decode(W3CHttpResponseCodec.java:52)
	at org.openqa.selenium.remote.HttpCommandExecutor.execute(HttpCommandExecutor.java:191)
	at org.openqa.selenium.remote.service.DriverCommandExecutor.invokeExecute(DriverCommandExecutor.java:200)
	at org.openqa.selenium.remote.service.DriverCommandExecutor.execute(DriverCommandExecutor.java:175)
	at org.openqa.selenium.remote.RemoteWebDriver.execute(RemoteWebDriver.java:602)
	at org.openqa.selenium.remote.RemoteWebDriver.get(RemoteWebDriver.java:304)
	at com.tutorialsninja.qa.baseclass.BaseClass.initializeBrowserAndOpenURl(BaseClass.java:52)
	at com.tutorialsninja.qa.testcases.Login.setup(Login.java:31)
... Removed 32 stack frames</div></td></tr></table><p class="totop"><a href="#summary">back to summary</a></p><h3 id="m28">com.tutorialsninja.qa.testcases.Login#TC_LF_002_verifyLoginWithInValidCredentialsDataProviderExcel</h3><table class="result"><tr class="param"><th>Parameter #1</th><th>Parameter #2</th></tr><tr class="param stripe"><td>addasasdbs@cmail.com</td><td>123</td></tr><tr><th colspan="2">Exception</th></tr><tr><td colspan="2"><div class="stacktrace">org.openqa.selenium.TimeoutException: timeout: Timed out receiving message from renderer: 9.043
  (Session info: chrome=118.0.5993.118)
Build info: version: &apos;4.14.1&apos;, revision: &apos;03f8ede370&apos;
System info: os.name: &apos;Windows 11&apos;, os.arch: &apos;amd64&apos;, os.version: &apos;10.0&apos;, java.version: &apos;17.0.3&apos;
Driver info: org.openqa.selenium.chrome.ChromeDriver
Command: [cb0a7a398e4283177cf61c010e9b52b4, get {url=https://tutorialsninja.com/demo/}]
Capabilities {acceptInsecureCerts: false, browserName: chrome, browserVersion: 118.0.5993.118, chrome: {chromedriverVersion: 118.0.5993.70 (e52f33f30b91..., userDataDir: C:\Users\Raghav\AppData\Loc...}, fedcm:accounts: true, goog:chromeOptions: {debuggerAddress: localhost:62234}, networkConnectionEnabled: false, pageLoadStrategy: normal, platformName: windows, proxy: Proxy(), se:cdp: ws://localhost:62234/devtoo..., se:cdpVersion: 118.0.5993.118, setWindowRect: true, strictFileInteractability: false, timeouts: {implicit: 0, pageLoad: 300000, script: 30000}, unhandledPromptBehavior: dismiss and notify, webauthn:extension:credBlob: true, webauthn:extension:largeBlob: true, webauthn:extension:minPinLength: true, webauthn:extension:prf: true, webauthn:virtualAuthenticators: true}
Session ID: cb0a7a398e4283177cf61c010e9b52b4
	at org.openqa.selenium.remote.codec.w3c.W3CHttpResponseCodec.createException(W3CHttpResponseCodec.java:200)
	at org.openqa.selenium.remote.codec.w3c.W3CHttpResponseCodec.decode(W3CHttpResponseCodec.java:133)
	at org.openqa.selenium.remote.codec.w3c.W3CHttpResponseCodec.decode(W3CHttpResponseCodec.java:52)
	at org.openqa.selenium.remote.HttpCommandExecutor.execute(HttpCommandExecutor.java:191)
	at org.openqa.selenium.remote.service.DriverCommandExecutor.invokeExecute(DriverCommandExecutor.java:200)
	at org.openqa.selenium.remote.service.DriverCommandExecutor.execute(DriverCommandExecutor.java:175)
	at org.openqa.selenium.remote.RemoteWebDriver.execute(RemoteWebDriver.java:602)
	at org.openqa.selenium.remote.RemoteWebDriver.get(RemoteWebDriver.java:304)
	at com.tutorialsninja.qa.baseclass.BaseClass.initializeBrowserAndOpenURl(BaseClass.java:52)
	at com.tutorialsninja.qa.testcases.Login.setup(Login.java:31)
... Removed 32 stack frames</div></td></tr></table><p class="totop"><a href="#summary">back to summary</a></p><h3 id="m29">com.tutorialsninja.qa.testcases.Login#TC_LF_003_verifyLoginWithInalidEmailAndValidPassword</h3><table class="result"><tr><th>Exception</th></tr><tr><td><div class="stacktrace">org.openqa.selenium.TimeoutException: timeout: Timed out receiving message from renderer: 9.043
  (Session info: chrome=118.0.5993.118)
Build info: version: &apos;4.14.1&apos;, revision: &apos;03f8ede370&apos;
System info: os.name: &apos;Windows 11&apos;, os.arch: &apos;amd64&apos;, os.version: &apos;10.0&apos;, java.version: &apos;17.0.3&apos;
Driver info: org.openqa.selenium.chrome.ChromeDriver
Command: [cb0a7a398e4283177cf61c010e9b52b4, get {url=https://tutorialsninja.com/demo/}]
Capabilities {acceptInsecureCerts: false, browserName: chrome, browserVersion: 118.0.5993.118, chrome: {chromedriverVersion: 118.0.5993.70 (e52f33f30b91..., userDataDir: C:\Users\Raghav\AppData\Loc...}, fedcm:accounts: true, goog:chromeOptions: {debuggerAddress: localhost:62234}, networkConnectionEnabled: false, pageLoadStrategy: normal, platformName: windows, proxy: Proxy(), se:cdp: ws://localhost:62234/devtoo..., se:cdpVersion: 118.0.5993.118, setWindowRect: true, strictFileInteractability: false, timeouts: {implicit: 0, pageLoad: 300000, script: 30000}, unhandledPromptBehavior: dismiss and notify, webauthn:extension:credBlob: true, webauthn:extension:largeBlob: true, webauthn:extension:minPinLength: true, webauthn:extension:prf: true, webauthn:virtualAuthenticators: true}
Session ID: cb0a7a398e4283177cf61c010e9b52b4
	at org.openqa.selenium.remote.codec.w3c.W3CHttpResponseCodec.createException(W3CHttpResponseCodec.java:200)
	at org.openqa.selenium.remote.codec.w3c.W3CHttpResponseCodec.decode(W3CHttpResponseCodec.java:133)
	at org.openqa.selenium.remote.codec.w3c.W3CHttpResponseCodec.decode(W3CHttpResponseCodec.java:52)
	at org.openqa.selenium.remote.HttpCommandExecutor.execute(HttpCommandExecutor.java:191)
	at org.openqa.selenium.remote.service.DriverCommandExecutor.invokeExecute(DriverCommandExecutor.java:200)
	at org.openqa.selenium.remote.service.DriverCommandExecutor.execute(DriverCommandExecutor.java:175)
	at org.openqa.selenium.remote.RemoteWebDriver.execute(RemoteWebDriver.java:602)
	at org.openqa.selenium.remote.RemoteWebDriver.get(RemoteWebDriver.java:304)
	at com.tutorialsninja.qa.baseclass.BaseClass.initializeBrowserAndOpenURl(BaseClass.java:52)
	at com.tutorialsninja.qa.testcases.Login.setup(Login.java:31)
... Removed 32 stack frames</div></td></tr></table><p class="totop"><a href="#summary">back to summary</a></p><h3 id="m30">com.tutorialsninja.qa.testcases.Login#TC_LF_004_verifyLoginWithValidEmailAndInvalidPassword</h3><table class="result"><tr><th>Exception</th></tr><tr><td><div class="stacktrace">org.openqa.selenium.TimeoutException: timeout: Timed out receiving message from renderer: 9.043
  (Session info: chrome=118.0.5993.118)
Build info: version: &apos;4.14.1&apos;, revision: &apos;03f8ede370&apos;
System info: os.name: &apos;Windows 11&apos;, os.arch: &apos;amd64&apos;, os.version: &apos;10.0&apos;, java.version: &apos;17.0.3&apos;
Driver info: org.openqa.selenium.chrome.ChromeDriver
Command: [cb0a7a398e4283177cf61c010e9b52b4, get {url=https://tutorialsninja.com/demo/}]
Capabilities {acceptInsecureCerts: false, browserName: chrome, browserVersion: 118.0.5993.118, chrome: {chromedriverVersion: 118.0.5993.70 (e52f33f30b91..., userDataDir: C:\Users\Raghav\AppData\Loc...}, fedcm:accounts: true, goog:chromeOptions: {debuggerAddress: localhost:62234}, networkConnectionEnabled: false, pageLoadStrategy: normal, platformName: windows, proxy: Proxy(), se:cdp: ws://localhost:62234/devtoo..., se:cdpVersion: 118.0.5993.118, setWindowRect: true, strictFileInteractability: false, timeouts: {implicit: 0, pageLoad: 300000, script: 30000}, unhandledPromptBehavior: dismiss and notify, webauthn:extension:credBlob: true, webauthn:extension:largeBlob: true, webauthn:extension:minPinLength: true, webauthn:extension:prf: true, webauthn:virtualAuthenticators: true}
Session ID: cb0a7a398e4283177cf61c010e9b52b4
	at org.openqa.selenium.remote.codec.w3c.W3CHttpResponseCodec.createException(W3CHttpResponseCodec.java:200)
	at org.openqa.selenium.remote.codec.w3c.W3CHttpResponseCodec.decode(W3CHttpResponseCodec.java:133)
	at org.openqa.selenium.remote.codec.w3c.W3CHttpResponseCodec.decode(W3CHttpResponseCodec.java:52)
	at org.openqa.selenium.remote.HttpCommandExecutor.execute(HttpCommandExecutor.java:191)
	at org.openqa.selenium.remote.service.DriverCommandExecutor.invokeExecute(DriverCommandExecutor.java:200)
	at org.openqa.selenium.remote.service.DriverCommandExecutor.execute(DriverCommandExecutor.java:175)
	at org.openqa.selenium.remote.RemoteWebDriver.execute(RemoteWebDriver.java:602)
	at org.openqa.selenium.remote.RemoteWebDriver.get(RemoteWebDriver.java:304)
	at com.tutorialsninja.qa.baseclass.BaseClass.initializeBrowserAndOpenURl(BaseClass.java:52)
	at com.tutorialsninja.qa.testcases.Login.setup(Login.java:31)
... Removed 32 stack frames</div></td></tr></table><p class="totop"><a href="#summary">back to summary</a></p><h3 id="m31">com.tutorialsninja.qa.testcases.Login#TC_LF_005_verifyLoginWithputProvidingCredentials</h3><table class="result"><tr><th>Exception</th></tr><tr><td><div class="stacktrace">org.openqa.selenium.TimeoutException: timeout: Timed out receiving message from renderer: 9.043
  (Session info: chrome=118.0.5993.118)
Build info: version: &apos;4.14.1&apos;, revision: &apos;03f8ede370&apos;
System info: os.name: &apos;Windows 11&apos;, os.arch: &apos;amd64&apos;, os.version: &apos;10.0&apos;, java.version: &apos;17.0.3&apos;
Driver info: org.openqa.selenium.chrome.ChromeDriver
Command: [cb0a7a398e4283177cf61c010e9b52b4, get {url=https://tutorialsninja.com/demo/}]
Capabilities {acceptInsecureCerts: false, browserName: chrome, browserVersion: 118.0.5993.118, chrome: {chromedriverVersion: 118.0.5993.70 (e52f33f30b91..., userDataDir: C:\Users\Raghav\AppData\Loc...}, fedcm:accounts: true, goog:chromeOptions: {debuggerAddress: localhost:62234}, networkConnectionEnabled: false, pageLoadStrategy: normal, platformName: windows, proxy: Proxy(), se:cdp: ws://localhost:62234/devtoo..., se:cdpVersion: 118.0.5993.118, setWindowRect: true, strictFileInteractability: false, timeouts: {implicit: 0, pageLoad: 300000, script: 30000}, unhandledPromptBehavior: dismiss and notify, webauthn:extension:credBlob: true, webauthn:extension:largeBlob: true, webauthn:extension:minPinLength: true, webauthn:extension:prf: true, webauthn:virtualAuthenticators: true}
Session ID: cb0a7a398e4283177cf61c010e9b52b4
	at org.openqa.selenium.remote.codec.w3c.W3CHttpResponseCodec.createException(W3CHttpResponseCodec.java:200)
	at org.openqa.selenium.remote.codec.w3c.W3CHttpResponseCodec.decode(W3CHttpResponseCodec.java:133)
	at org.openqa.selenium.remote.codec.w3c.W3CHttpResponseCodec.decode(W3CHttpResponseCodec.java:52)
	at org.openqa.selenium.remote.HttpCommandExecutor.execute(HttpCommandExecutor.java:191)
	at org.openqa.selenium.remote.service.DriverCommandExecutor.invokeExecute(DriverCommandExecutor.java:200)
	at org.openqa.selenium.remote.service.DriverCommandExecutor.execute(DriverCommandExecutor.java:175)
	at org.openqa.selenium.remote.RemoteWebDriver.execute(RemoteWebDriver.java:602)
	at org.openqa.selenium.remote.RemoteWebDriver.get(RemoteWebDriver.java:304)
	at com.tutorialsninja.qa.baseclass.BaseClass.initializeBrowserAndOpenURl(BaseClass.java:52)
	at com.tutorialsninja.qa.testcases.Login.setup(Login.java:31)
... Removed 32 stack frames</div></td></tr></table><p class="totop"><a href="#summary">back to summary</a></p><h3 id="m32">com.tutorialsninja.qa.testcases.Register#TC_RF_004_verifyRegisterAccountWithoutGivingAnyFields</h3><table class="result"><tr><th>Exception</th></tr><tr><td><div class="stacktrace">org.openqa.selenium.TimeoutException: timeout: Timed out receiving message from renderer: 9.137
  (Session info: chrome=118.0.5993.118)
Build info: version: &apos;4.14.1&apos;, revision: &apos;03f8ede370&apos;
System info: os.name: &apos;Windows 11&apos;, os.arch: &apos;amd64&apos;, os.version: &apos;10.0&apos;, java.version: &apos;17.0.3&apos;
Driver info: org.openqa.selenium.chrome.ChromeDriver
Command: [99356e72f2fd397a3474ff574803680b, get {url=https://tutorialsninja.com/demo/}]
Capabilities {acceptInsecureCerts: false, browserName: chrome, browserVersion: 118.0.5993.118, chrome: {chromedriverVersion: 118.0.5993.70 (e52f33f30b91..., userDataDir: C:\Users\Raghav\AppData\Loc...}, fedcm:accounts: true, goog:chromeOptions: {debuggerAddress: localhost:62252}, networkConnectionEnabled: false, pageLoadStrategy: normal, platformName: windows, proxy: Proxy(), se:cdp: ws://localhost:62252/devtoo..., se:cdpVersion: 118.0.5993.118, setWindowRect: true, strictFileInteractability: false, timeouts: {implicit: 0, pageLoad: 300000, script: 30000}, unhandledPromptBehavior: dismiss and notify, webauthn:extension:credBlob: true, webauthn:extension:largeBlob: true, webauthn:extension:minPinLength: true, webauthn:extension:prf: true, webauthn:virtualAuthenticators: true}
Session ID: 99356e72f2fd397a3474ff574803680b
	at org.openqa.selenium.remote.codec.w3c.W3CHttpResponseCodec.createException(W3CHttpResponseCodec.java:200)
	at org.openqa.selenium.remote.codec.w3c.W3CHttpResponseCodec.decode(W3CHttpResponseCodec.java:133)
	at org.openqa.selenium.remote.codec.w3c.W3CHttpResponseCodec.decode(W3CHttpResponseCodec.java:52)
	at org.openqa.selenium.remote.HttpCommandExecutor.execute(HttpCommandExecutor.java:191)
	at org.openqa.selenium.remote.service.DriverCommandExecutor.invokeExecute(DriverCommandExecutor.java:200)
	at org.openqa.selenium.remote.service.DriverCommandExecutor.execute(DriverCommandExecutor.java:175)
	at org.openqa.selenium.remote.RemoteWebDriver.execute(RemoteWebDriver.java:602)
	at org.openqa.selenium.remote.RemoteWebDriver.get(RemoteWebDriver.java:304)
	at com.tutorialsninja.qa.baseclass.BaseClass.initializeBrowserAndOpenURl(BaseClass.java:52)
	at com.tutorialsninja.qa.testcases.Register.setup(Register.java:28)
... Removed 32 stack frames</div></td></tr></table><p class="totop"><a href="#summary">back to summary</a></p><h3 id="m33">com.tutorialsninja.qa.testcases.Register#TC_RF_009_verifyRegisterAccountWithExsitingEmailAddress</h3><table class="result"><tr><th>Exception</th></tr><tr><td><div class="stacktrace">org.openqa.selenium.TimeoutException: timeout: Timed out receiving message from renderer: 9.137
  (Session info: chrome=118.0.5993.118)
Build info: version: &apos;4.14.1&apos;, revision: &apos;03f8ede370&apos;
System info: os.name: &apos;Windows 11&apos;, os.arch: &apos;amd64&apos;, os.version: &apos;10.0&apos;, java.version: &apos;17.0.3&apos;
Driver info: org.openqa.selenium.chrome.ChromeDriver
Command: [99356e72f2fd397a3474ff574803680b, get {url=https://tutorialsninja.com/demo/}]
Capabilities {acceptInsecureCerts: false, browserName: chrome, browserVersion: 118.0.5993.118, chrome: {chromedriverVersion: 118.0.5993.70 (e52f33f30b91..., userDataDir: C:\Users\Raghav\AppData\Loc...}, fedcm:accounts: true, goog:chromeOptions: {debuggerAddress: localhost:62252}, networkConnectionEnabled: false, pageLoadStrategy: normal, platformName: windows, proxy: Proxy(), se:cdp: ws://localhost:62252/devtoo..., se:cdpVersion: 118.0.5993.118, setWindowRect: true, strictFileInteractability: false, timeouts: {implicit: 0, pageLoad: 300000, script: 30000}, unhandledPromptBehavior: dismiss and notify, webauthn:extension:credBlob: true, webauthn:extension:largeBlob: true, webauthn:extension:minPinLength: true, webauthn:extension:prf: true, webauthn:virtualAuthenticators: true}
Session ID: 99356e72f2fd397a3474ff574803680b
	at org.openqa.selenium.remote.codec.w3c.W3CHttpResponseCodec.createException(W3CHttpResponseCodec.java:200)
	at org.openqa.selenium.remote.codec.w3c.W3CHttpResponseCodec.decode(W3CHttpResponseCodec.java:133)
	at org.openqa.selenium.remote.codec.w3c.W3CHttpResponseCodec.decode(W3CHttpResponseCodec.java:52)
	at org.openqa.selenium.remote.HttpCommandExecutor.execute(HttpCommandExecutor.java:191)
	at org.openqa.selenium.remote.service.DriverCommandExecutor.invokeExecute(DriverCommandExecutor.java:200)
	at org.openqa.selenium.remote.service.DriverCommandExecutor.execute(DriverCommandExecutor.java:175)
	at org.openqa.selenium.remote.RemoteWebDriver.execute(RemoteWebDriver.java:602)
	at org.openqa.selenium.remote.RemoteWebDriver.get(RemoteWebDriver.java:304)
	at com.tutorialsninja.qa.baseclass.BaseClass.initializeBrowserAndOpenURl(BaseClass.java:52)
	at com.tutorialsninja.qa.testcases.Register.setup(Register.java:28)
... Removed 32 stack frames</div></td></tr></table><p class="totop"><a href="#summary">back to summary</a></p><h3 id="m34">com.tutorialsninja.qa.testcases.Search#TC_SF_002_verifySearchWithInValidProduct</h3><table class="result"><tr><th>Exception</th></tr><tr><td><div class="stacktrace">org.openqa.selenium.TimeoutException: timeout: Timed out receiving message from renderer: 9.166
  (Session info: chrome=118.0.5993.118)
Build info: version: &apos;4.14.1&apos;, revision: &apos;03f8ede370&apos;
System info: os.name: &apos;Windows 11&apos;, os.arch: &apos;amd64&apos;, os.version: &apos;10.0&apos;, java.version: &apos;17.0.3&apos;
Driver info: org.openqa.selenium.chrome.ChromeDriver
Command: [6db2e00646bccfb7a4519379ea50317f, get {url=https://tutorialsninja.com/demo/}]
Capabilities {acceptInsecureCerts: false, browserName: chrome, browserVersion: 118.0.5993.118, chrome: {chromedriverVersion: 118.0.5993.70 (e52f33f30b91..., userDataDir: C:\Users\Raghav\AppData\Loc...}, fedcm:accounts: true, goog:chromeOptions: {debuggerAddress: localhost:62128}, networkConnectionEnabled: false, pageLoadStrategy: normal, platformName: windows, proxy: Proxy(), se:cdp: ws://localhost:62128/devtoo..., se:cdpVersion: 118.0.5993.118, setWindowRect: true, strictFileInteractability: false, timeouts: {implicit: 0, pageLoad: 300000, script: 30000}, unhandledPromptBehavior: dismiss and notify, webauthn:extension:credBlob: true, webauthn:extension:largeBlob: true, webauthn:extension:minPinLength: true, webauthn:extension:prf: true, webauthn:virtualAuthenticators: true}
Session ID: 6db2e00646bccfb7a4519379ea50317f
	at org.openqa.selenium.remote.codec.w3c.W3CHttpResponseCodec.createException(W3CHttpResponseCodec.java:200)
	at org.openqa.selenium.remote.codec.w3c.W3CHttpResponseCodec.decode(W3CHttpResponseCodec.java:133)
	at org.openqa.selenium.remote.codec.w3c.W3CHttpResponseCodec.decode(W3CHttpResponseCodec.java:52)
	at org.openqa.selenium.remote.HttpCommandExecutor.execute(HttpCommandExecutor.java:191)
	at org.openqa.selenium.remote.service.DriverCommandExecutor.invokeExecute(DriverCommandExecutor.java:200)
	at org.openqa.selenium.remote.service.DriverCommandExecutor.execute(DriverCommandExecutor.java:175)
	at org.openqa.selenium.remote.RemoteWebDriver.execute(RemoteWebDriver.java:602)
	at org.openqa.selenium.remote.RemoteWebDriver.get(RemoteWebDriver.java:304)
	at com.tutorialsninja.qa.baseclass.BaseClass.initializeBrowserAndOpenURl(BaseClass.java:52)
	at com.tutorialsninja.qa.testcases.Search.setup(Search.java:27)
... Removed 32 stack frames</div></td></tr></table><p class="totop"><a href="#summary">back to summary</a></p><h3 id="m35">com.tutorialsninja.qa.testcases.Search#TC_SF_003_verifySearchWithoutEnteringProduct</h3><table class="result"><tr><th>Exception</th></tr><tr><td><div class="stacktrace">org.openqa.selenium.TimeoutException: timeout: Timed out receiving message from renderer: 9.166
  (Session info: chrome=118.0.5993.118)
Build info: version: &apos;4.14.1&apos;, revision: &apos;03f8ede370&apos;
System info: os.name: &apos;Windows 11&apos;, os.arch: &apos;amd64&apos;, os.version: &apos;10.0&apos;, java.version: &apos;17.0.3&apos;
Driver info: org.openqa.selenium.chrome.ChromeDriver
Command: [6db2e00646bccfb7a4519379ea50317f, get {url=https://tutorialsninja.com/demo/}]
Capabilities {acceptInsecureCerts: false, browserName: chrome, browserVersion: 118.0.5993.118, chrome: {chromedriverVersion: 118.0.5993.70 (e52f33f30b91..., userDataDir: C:\Users\Raghav\AppData\Loc...}, fedcm:accounts: true, goog:chromeOptions: {debuggerAddress: localhost:62128}, networkConnectionEnabled: false, pageLoadStrategy: normal, platformName: windows, proxy: Proxy(), se:cdp: ws://localhost:62128/devtoo..., se:cdpVersion: 118.0.5993.118, setWindowRect: true, strictFileInteractability: false, timeouts: {implicit: 0, pageLoad: 300000, script: 30000}, unhandledPromptBehavior: dismiss and notify, webauthn:extension:credBlob: true, webauthn:extension:largeBlob: true, webauthn:extension:minPinLength: true, webauthn:extension:prf: true, webauthn:virtualAuthenticators: true}
Session ID: 6db2e00646bccfb7a4519379ea50317f
	at org.openqa.selenium.remote.codec.w3c.W3CHttpResponseCodec.createException(W3CHttpResponseCodec.java:200)
	at org.openqa.selenium.remote.codec.w3c.W3CHttpResponseCodec.decode(W3CHttpResponseCodec.java:133)
	at org.openqa.selenium.remote.codec.w3c.W3CHttpResponseCodec.decode(W3CHttpResponseCodec.java:52)
	at org.openqa.selenium.remote.HttpCommandExecutor.execute(HttpCommandExecutor.java:191)
	at org.openqa.selenium.remote.service.DriverCommandExecutor.invokeExecute(DriverCommandExecutor.java:200)
	at org.openqa.selenium.remote.service.DriverCommandExecutor.execute(DriverCommandExecutor.java:175)
	at org.openqa.selenium.remote.RemoteWebDriver.execute(RemoteWebDriver.java:602)
	at org.openqa.selenium.remote.RemoteWebDriver.get(RemoteWebDriver.java:304)
	at com.tutorialsninja.qa.baseclass.BaseClass.initializeBrowserAndOpenURl(BaseClass.java:52)
	at com.tutorialsninja.qa.testcases.Search.setup(Search.java:27)
... Removed 32 stack frames</div></td></tr></table><p class="totop"><a href="#summary">back to summary</a></p><h3 id="m36">com.tutorialsninja.qa.testcases.Login#TC_LF_001_verifyLoginWithValidCredentials</h3><table class="result"></table><p class="totop"><a href="#summary">back to summary</a></p><h3 id="m37">com.tutorialsninja.qa.testcases.Login#TC_LF_002_verifyLoginWithInValidCredentials</h3><table class="result"></table><p class="totop"><a href="#summary">back to summary</a></p><h3 id="m38">com.tutorialsninja.qa.testcases.Login#TC_LF_002_verifyLoginWithInValidCredentialsDataProvider</h3><table class="result"><tr class="param"><th>Parameter #1</th><th>Parameter #2</th></tr><tr class="param stripe"><td>abs@cmdail.com</td><td>1234</td></tr></table><p class="totop"><a href="#summary">back to summary</a></p><h3 id="m39">com.tutorialsninja.qa.testcases.Register#TC_RF_001_verifyRegisterAccountWithAllFields</h3><table class="result"></table><p class="totop"><a href="#summary">back to summary</a></p><h3 id="m40">com.tutorialsninja.qa.testcases.Register#TC_RF_001_verifyRegisterAccountWithMandatoryFields</h3><table class="result"></table><p class="totop"><a href="#summary">back to summary</a></p><h3 id="m41">com.tutorialsninja.qa.testcases.Search#TC_SF_001_verifySearchWithValidProduct</h3><table class="result"></table><p class="totop"><a href="#summary">back to summary</a></p></body></html>