<!DOCTYPE html>

<html>
  <head>
  <meta charset='utf-8'>
  <title>TestNG reports</title>

    <link type="text/css" href="testng-reports.css" rel="stylesheet" />  
    <script type="text/javascript" src="jquery-1.7.1.min.js"></script>
    <script type="text/javascript" src="testng-reports.js"></script>
    <script type="text/javascript" src="https://www.google.com/jsapi"></script>
    <script type='text/javascript'>
      google.load('visualization', '1', {packages:['table']});
      google.setOnLoadCallback(drawTable);
      var suiteTableInitFunctions = new Array();
      var suiteTableData = new Array();
    </script>
    <!--
      <script type="text/javascript" src="jquery-ui/js/jquery-ui-1.8.16.custom.min.js"></script>
     -->
  </head>

  <body>
    <div class="top-banner-root">
      <span class="top-banner-title-font">Test results</span>
      <br/>
      <span class="top-banner-font-1">1 suite</span>
    </div> <!-- top-banner-root -->
    <div class="navigator-root">
      <div class="navigator-suite-header">
        <span>All suites</span>
        <a href="#" title="Collapse/expand all the suites" class="collapse-all-link">
          <img src="collapseall.gif" class="collapse-all-icon">
          </img> <!-- collapse-all-icon -->
        </a> <!-- collapse-all-link -->
      </div> <!-- navigator-suite-header -->
      <div class="suite">
        <div class="rounded-window">
          <div class="suite-header light-rounded-window-top">
            <a href="#" panel-name="suite-Tutorials_Ninja_Web_App" class="navigator-link">
              <span class="suite-name border-skipped">Tutorials Ninja Web App</span>
            </a> <!-- navigator-link -->
          </div> <!-- suite-header light-rounded-window-top -->
          <div class="navigator-suite-content">
            <div class="suite-section-title">
              <span>Info</span>
            </div> <!-- suite-section-title -->
            <div class="suite-section-content">
              <ul>
                <li>
                  <a href="#" panel-name="test-xml-Tutorials_Ninja_Web_App" class="navigator-link ">
                    <span>D:\Z_TutorialsNinjaProject_29_10_2023\src\test\resources\testng.xml</span>
                  </a> <!-- navigator-link  -->
                </li>
                <li>
                  <a href="#" panel-name="testlist-Tutorials_Ninja_Web_App" class="navigator-link ">
                    <span class="test-stats">1 test</span>
                  </a> <!-- navigator-link  -->
                </li>
                <li>
                  <a href="#" panel-name="group-Tutorials_Ninja_Web_App" class="navigator-link ">
                    <span>0 groups</span>
                  </a> <!-- navigator-link  -->
                </li>
                <li>
                  <a href="#" panel-name="times-Tutorials_Ninja_Web_App" class="navigator-link ">
                    <span>Times</span>
                  </a> <!-- navigator-link  -->
                </li>
                <li>
                  <a href="#" panel-name="reporter-Tutorials_Ninja_Web_App" class="navigator-link ">
                    <span>Reporter output</span>
                  </a> <!-- navigator-link  -->
                </li>
                <li>
                  <a href="#" panel-name="ignored-methods-Tutorials_Ninja_Web_App" class="navigator-link ">
                    <span>Ignored methods</span>
                  </a> <!-- navigator-link  -->
                </li>
                <li>
                  <a href="#" panel-name="chronological-Tutorials_Ninja_Web_App" class="navigator-link ">
                    <span>Chronological view</span>
                  </a> <!-- navigator-link  -->
                </li>
              </ul>
            </div> <!-- suite-section-content -->
            <div class="result-section">
              <div class="suite-section-title">
                <span>Results</span>
              </div> <!-- suite-section-title -->
              <div class="suite-section-content">
                <ul>
                  <li>
                    <span class="method-stats">18 methods,  12 skipped,  6 passed</span>
                  </li>
                  <li>
                    <span class="method-list-title skipped">Skipped methods</span>
                    <span class="show-or-hide-methods skipped">
                      <a href="#" panel-name="suite-Tutorials_Ninja_Web_App" class="hide-methods skipped suite-Tutorials_Ninja_Web_App"> (hide)</a> <!-- hide-methods skipped suite-Tutorials_Ninja_Web_App -->
                      <a href="#" panel-name="suite-Tutorials_Ninja_Web_App" class="show-methods skipped suite-Tutorials_Ninja_Web_App"> (show)</a> <!-- show-methods skipped suite-Tutorials_Ninja_Web_App -->
                    </span>
                    <div class="method-list-content skipped suite-Tutorials_Ninja_Web_App">
                      <span>
                        <img src="skipped.png" width="3%"/>
                        <a href="#" panel-name="suite-Tutorials_Ninja_Web_App" title="com.tutorialsninja.qa.testcases.Login" class="method navigator-link" hash-for-method="TC_LF_002_verifyLoginWithInValidCredentialsDataProvider(absdas@cadmail.com, 12324)">TC_LF_002_verifyLoginWithInValidCredentialsDataProvider(absdas@cadmail.com, 12324)</a> <!-- method navigator-link -->
                      </span>
                      <br/>
                      <span>
                        <img src="skipped.png" width="3%"/>
                        <a href="#" panel-name="suite-Tutorials_Ninja_Web_App" title="com.tutorialsninja.qa.testcases.Login" class="method navigator-link" hash-for-method="TC_LF_002_verifyLoginWithInValidCredentialsDataProvider(abs@camdail.com, 12324)">TC_LF_002_verifyLoginWithInValidCredentialsDataProvider(abs@camdail.com, 12324)</a> <!-- method navigator-link -->
                      </span>
                      <br/>
                      <span>
                        <img src="skipped.png" width="3%"/>
                        <a href="#" panel-name="suite-Tutorials_Ninja_Web_App" title="com.tutorialsninja.qa.testcases.Login" class="method navigator-link" hash-for-method="TC_LF_002_verifyLoginWithInValidCredentialsDataProviderExcel(abs@cmastail.com, 125)">TC_LF_002_verifyLoginWithInValidCredentialsDataProviderExcel(abs@cmastail.com, 125)</a> <!-- method navigator-link -->
                      </span>
                      <br/>
                      <span>
                        <img src="skipped.png" width="3%"/>
                        <a href="#" panel-name="suite-Tutorials_Ninja_Web_App" title="com.tutorialsninja.qa.testcases.Login" class="method navigator-link" hash-for-method="TC_LF_002_verifyLoginWithInValidCredentialsDataProviderExcel(abs2@cmail.com, 124)">TC_LF_002_verifyLoginWithInValidCredentialsDataProviderExcel(abs2@cmail.com, 124)</a> <!-- method navigator-link -->
                      </span>
                      <br/>
                      <span>
                        <img src="skipped.png" width="3%"/>
                        <a href="#" panel-name="suite-Tutorials_Ninja_Web_App" title="com.tutorialsninja.qa.testcases.Login" class="method navigator-link" hash-for-method="TC_LF_002_verifyLoginWithInValidCredentialsDataProviderExcel(addasasdbs@cmail.com, 123)">TC_LF_002_verifyLoginWithInValidCredentialsDataProviderExcel(addasasdbs@cmail.com, 123)</a> <!-- method navigator-link -->
                      </span>
                      <br/>
                      <span>
                        <img src="skipped.png" width="3%"/>
                        <a href="#" panel-name="suite-Tutorials_Ninja_Web_App" title="com.tutorialsninja.qa.testcases.Login" class="method navigator-link" hash-for-method="TC_LF_003_verifyLoginWithInalidEmailAndValidPassword">TC_LF_003_verifyLoginWithInalidEmailAndValidPassword</a> <!-- method navigator-link -->
                      </span>
                      <br/>
                      <span>
                        <img src="skipped.png" width="3%"/>
                        <a href="#" panel-name="suite-Tutorials_Ninja_Web_App" title="com.tutorialsninja.qa.testcases.Login" class="method navigator-link" hash-for-method="TC_LF_004_verifyLoginWithValidEmailAndInvalidPassword">TC_LF_004_verifyLoginWithValidEmailAndInvalidPassword</a> <!-- method navigator-link -->
                      </span>
                      <br/>
                      <span>
                        <img src="skipped.png" width="3%"/>
                        <a href="#" panel-name="suite-Tutorials_Ninja_Web_App" title="com.tutorialsninja.qa.testcases.Login" class="method navigator-link" hash-for-method="TC_LF_005_verifyLoginWithputProvidingCredentials">TC_LF_005_verifyLoginWithputProvidingCredentials</a> <!-- method navigator-link -->
                      </span>
                      <br/>
                      <span>
                        <img src="skipped.png" width="3%"/>
                        <a href="#" panel-name="suite-Tutorials_Ninja_Web_App" title="com.tutorialsninja.qa.testcases.Register" class="method navigator-link" hash-for-method="TC_RF_004_verifyRegisterAccountWithoutGivingAnyFields">TC_RF_004_verifyRegisterAccountWithoutGivingAnyFields</a> <!-- method navigator-link -->
                      </span>
                      <br/>
                      <span>
                        <img src="skipped.png" width="3%"/>
                        <a href="#" panel-name="suite-Tutorials_Ninja_Web_App" title="com.tutorialsninja.qa.testcases.Register" class="method navigator-link" hash-for-method="TC_RF_009_verifyRegisterAccountWithExsitingEmailAddress">TC_RF_009_verifyRegisterAccountWithExsitingEmailAddress</a> <!-- method navigator-link -->
                      </span>
                      <br/>
                      <span>
                        <img src="skipped.png" width="3%"/>
                        <a href="#" panel-name="suite-Tutorials_Ninja_Web_App" title="com.tutorialsninja.qa.testcases.Search" class="method navigator-link" hash-for-method="TC_SF_002_verifySearchWithInValidProduct">TC_SF_002_verifySearchWithInValidProduct</a> <!-- method navigator-link -->
                      </span>
                      <br/>
                      <span>
                        <img src="skipped.png" width="3%"/>
                        <a href="#" panel-name="suite-Tutorials_Ninja_Web_App" title="com.tutorialsninja.qa.testcases.Search" class="method navigator-link" hash-for-method="TC_SF_003_verifySearchWithoutEnteringProduct">TC_SF_003_verifySearchWithoutEnteringProduct</a> <!-- method navigator-link -->
                      </span>
                      <br/>
                    </div> <!-- method-list-content skipped suite-Tutorials_Ninja_Web_App -->
                  </li>
                  <li>
                    <span class="method-list-title passed">Passed methods</span>
                    <span class="show-or-hide-methods passed">
                      <a href="#" panel-name="suite-Tutorials_Ninja_Web_App" class="hide-methods passed suite-Tutorials_Ninja_Web_App"> (hide)</a> <!-- hide-methods passed suite-Tutorials_Ninja_Web_App -->
                      <a href="#" panel-name="suite-Tutorials_Ninja_Web_App" class="show-methods passed suite-Tutorials_Ninja_Web_App"> (show)</a> <!-- show-methods passed suite-Tutorials_Ninja_Web_App -->
                    </span>
                    <div class="method-list-content passed suite-Tutorials_Ninja_Web_App">
                      <span>
                        <img src="passed.png" width="3%"/>
                        <a href="#" panel-name="suite-Tutorials_Ninja_Web_App" title="com.tutorialsninja.qa.testcases.Login" class="method navigator-link" hash-for-method="TC_LF_001_verifyLoginWithValidCredentials">TC_LF_001_verifyLoginWithValidCredentials</a> <!-- method navigator-link -->
                      </span>
                      <br/>
                      <span>
                        <img src="passed.png" width="3%"/>
                        <a href="#" panel-name="suite-Tutorials_Ninja_Web_App" title="com.tutorialsninja.qa.testcases.Login" class="method navigator-link" hash-for-method="TC_LF_002_verifyLoginWithInValidCredentials">TC_LF_002_verifyLoginWithInValidCredentials</a> <!-- method navigator-link -->
                      </span>
                      <br/>
                      <span>
                        <img src="passed.png" width="3%"/>
                        <a href="#" panel-name="suite-Tutorials_Ninja_Web_App" title="com.tutorialsninja.qa.testcases.Login" class="method navigator-link" hash-for-method="TC_LF_002_verifyLoginWithInValidCredentialsDataProvider(abs@cmdail.com, 1234)">TC_LF_002_verifyLoginWithInValidCredentialsDataProvider(abs@cmdail.com, 1234)</a> <!-- method navigator-link -->
                      </span>
                      <br/>
                      <span>
                        <img src="passed.png" width="3%"/>
                        <a href="#" panel-name="suite-Tutorials_Ninja_Web_App" title="com.tutorialsninja.qa.testcases.Register" class="method navigator-link" hash-for-method="TC_RF_001_verifyRegisterAccountWithAllFields">TC_RF_001_verifyRegisterAccountWithAllFields</a> <!-- method navigator-link -->
                      </span>
                      <br/>
                      <span>
                        <img src="passed.png" width="3%"/>
                        <a href="#" panel-name="suite-Tutorials_Ninja_Web_App" title="com.tutorialsninja.qa.testcases.Register" class="method navigator-link" hash-for-method="TC_RF_001_verifyRegisterAccountWithMandatoryFields">TC_RF_001_verifyRegisterAccountWithMandatoryFields</a> <!-- method navigator-link -->
                      </span>
                      <br/>
                      <span>
                        <img src="passed.png" width="3%"/>
                        <a href="#" panel-name="suite-Tutorials_Ninja_Web_App" title="com.tutorialsninja.qa.testcases.Search" class="method navigator-link" hash-for-method="TC_SF_001_verifySearchWithValidProduct">TC_SF_001_verifySearchWithValidProduct</a> <!-- method navigator-link -->
                      </span>
                      <br/>
                    </div> <!-- method-list-content passed suite-Tutorials_Ninja_Web_App -->
                  </li>
                </ul>
              </div> <!-- suite-section-content -->
            </div> <!-- result-section -->
          </div> <!-- navigator-suite-content -->
        </div> <!-- rounded-window -->
      </div> <!-- suite -->
    </div> <!-- navigator-root -->
    <div class="wrapper">
      <div class="main-panel-root">
        <div panel-name="suite-Tutorials_Ninja_Web_App" class="panel Tutorials_Ninja_Web_App">
          <div class="suite-Tutorials_Ninja_Web_App-class-skipped">
            <div class="main-panel-header rounded-window-top">
              <img src="skipped.png"/>
              <span class="class-name">com.tutorialsninja.qa.testcases.Login</span>
            </div> <!-- main-panel-header rounded-window-top -->
            <div class="main-panel-content rounded-window-bottom">
              <div class="method">
                <div class="method-content">
                  <a name="TC_LF_002_verifyLoginWithInValidCredentialsDataProvider(absdas@cadmail.com, 12324)">
                  </a> <!-- TC_LF_002_verifyLoginWithInValidCredentialsDataProvider(absdas@cadmail.com, 12324) -->
                  <span class="method-name">TC_LF_002_verifyLoginWithInValidCredentialsDataProvider</span>
                  <span class="parameters">(absdas@cadmail.com, 12324)</span>
                  <div class="stack-trace">org.openqa.selenium.TimeoutException: timeout: Timed out receiving message from renderer: 9.043
  (Session info: chrome=118.0.5993.118)
Build info: version: &apos;4.14.1&apos;, revision: &apos;03f8ede370&apos;
System info: os.name: &apos;Windows 11&apos;, os.arch: &apos;amd64&apos;, os.version: &apos;10.0&apos;, java.version: &apos;17.0.3&apos;
Driver info: org.openqa.selenium.chrome.ChromeDriver
Command: [cb0a7a398e4283177cf61c010e9b52b4, get {url=https://tutorialsninja.com/demo/}]
Capabilities {acceptInsecureCerts: false, browserName: chrome, browserVersion: 118.0.5993.118, chrome: {chromedriverVersion: 118.0.5993.70 (e52f33f30b91..., userDataDir: C:\Users\Raghav\AppData\Loc...}, fedcm:accounts: true, goog:chromeOptions: {debuggerAddress: localhost:62234}, networkConnectionEnabled: false, pageLoadStrategy: normal, platformName: windows, proxy: Proxy(), se:cdp: ws://localhost:62234/devtoo..., se:cdpVersion: 118.0.5993.118, setWindowRect: true, strictFileInteractability: false, timeouts: {implicit: 0, pageLoad: 300000, script: 30000}, unhandledPromptBehavior: dismiss and notify, webauthn:extension:credBlob: true, webauthn:extension:largeBlob: true, webauthn:extension:minPinLength: true, webauthn:extension:prf: true, webauthn:virtualAuthenticators: true}
Session ID: cb0a7a398e4283177cf61c010e9b52b4
	at org.openqa.selenium.remote.codec.w3c.W3CHttpResponseCodec.createException(W3CHttpResponseCodec.java:200)
	at org.openqa.selenium.remote.codec.w3c.W3CHttpResponseCodec.decode(W3CHttpResponseCodec.java:133)
	at org.openqa.selenium.remote.codec.w3c.W3CHttpResponseCodec.decode(W3CHttpResponseCodec.java:52)
	at org.openqa.selenium.remote.HttpCommandExecutor.execute(HttpCommandExecutor.java:191)
	at org.openqa.selenium.remote.service.DriverCommandExecutor.invokeExecute(DriverCommandExecutor.java:200)
	at org.openqa.selenium.remote.service.DriverCommandExecutor.execute(DriverCommandExecutor.java:175)
	at org.openqa.selenium.remote.RemoteWebDriver.execute(RemoteWebDriver.java:602)
	at org.openqa.selenium.remote.RemoteWebDriver.get(RemoteWebDriver.java:304)
	at com.tutorialsninja.qa.baseclass.BaseClass.initializeBrowserAndOpenURl(BaseClass.java:52)
	at com.tutorialsninja.qa.testcases.Login.setup(Login.java:31)
... Removed 32 stack frames
</div> <!-- stack-trace -->
                </div> <!-- method-content -->
              </div> <!-- method -->
              <div class="method">
                <div class="method-content">
                  <a name="TC_LF_002_verifyLoginWithInValidCredentialsDataProvider(abs@camdail.com, 12324)">
                  </a> <!-- TC_LF_002_verifyLoginWithInValidCredentialsDataProvider(abs@camdail.com, 12324) -->
                  <span class="method-name">TC_LF_002_verifyLoginWithInValidCredentialsDataProvider</span>
                  <span class="parameters">(abs@camdail.com, 12324)</span>
                  <div class="stack-trace">org.openqa.selenium.TimeoutException: timeout: Timed out receiving message from renderer: 9.043
  (Session info: chrome=118.0.5993.118)
Build info: version: &apos;4.14.1&apos;, revision: &apos;03f8ede370&apos;
System info: os.name: &apos;Windows 11&apos;, os.arch: &apos;amd64&apos;, os.version: &apos;10.0&apos;, java.version: &apos;17.0.3&apos;
Driver info: org.openqa.selenium.chrome.ChromeDriver
Command: [cb0a7a398e4283177cf61c010e9b52b4, get {url=https://tutorialsninja.com/demo/}]
Capabilities {acceptInsecureCerts: false, browserName: chrome, browserVersion: 118.0.5993.118, chrome: {chromedriverVersion: 118.0.5993.70 (e52f33f30b91..., userDataDir: C:\Users\Raghav\AppData\Loc...}, fedcm:accounts: true, goog:chromeOptions: {debuggerAddress: localhost:62234}, networkConnectionEnabled: false, pageLoadStrategy: normal, platformName: windows, proxy: Proxy(), se:cdp: ws://localhost:62234/devtoo..., se:cdpVersion: 118.0.5993.118, setWindowRect: true, strictFileInteractability: false, timeouts: {implicit: 0, pageLoad: 300000, script: 30000}, unhandledPromptBehavior: dismiss and notify, webauthn:extension:credBlob: true, webauthn:extension:largeBlob: true, webauthn:extension:minPinLength: true, webauthn:extension:prf: true, webauthn:virtualAuthenticators: true}
Session ID: cb0a7a398e4283177cf61c010e9b52b4
	at org.openqa.selenium.remote.codec.w3c.W3CHttpResponseCodec.createException(W3CHttpResponseCodec.java:200)
	at org.openqa.selenium.remote.codec.w3c.W3CHttpResponseCodec.decode(W3CHttpResponseCodec.java:133)
	at org.openqa.selenium.remote.codec.w3c.W3CHttpResponseCodec.decode(W3CHttpResponseCodec.java:52)
	at org.openqa.selenium.remote.HttpCommandExecutor.execute(HttpCommandExecutor.java:191)
	at org.openqa.selenium.remote.service.DriverCommandExecutor.invokeExecute(DriverCommandExecutor.java:200)
	at org.openqa.selenium.remote.service.DriverCommandExecutor.execute(DriverCommandExecutor.java:175)
	at org.openqa.selenium.remote.RemoteWebDriver.execute(RemoteWebDriver.java:602)
	at org.openqa.selenium.remote.RemoteWebDriver.get(RemoteWebDriver.java:304)
	at com.tutorialsninja.qa.baseclass.BaseClass.initializeBrowserAndOpenURl(BaseClass.java:52)
	at com.tutorialsninja.qa.testcases.Login.setup(Login.java:31)
... Removed 32 stack frames
</div> <!-- stack-trace -->
                </div> <!-- method-content -->
              </div> <!-- method -->
              <div class="method">
                <div class="method-content">
                  <a name="TC_LF_002_verifyLoginWithInValidCredentialsDataProviderExcel(abs@cmastail.com, 125)">
                  </a> <!-- TC_LF_002_verifyLoginWithInValidCredentialsDataProviderExcel(abs@cmastail.com, 125) -->
                  <span class="method-name">TC_LF_002_verifyLoginWithInValidCredentialsDataProviderExcel</span>
                  <span class="parameters">(abs@cmastail.com, 125)</span>
                  <div class="stack-trace">org.openqa.selenium.TimeoutException: timeout: Timed out receiving message from renderer: 9.043
  (Session info: chrome=118.0.5993.118)
Build info: version: &apos;4.14.1&apos;, revision: &apos;03f8ede370&apos;
System info: os.name: &apos;Windows 11&apos;, os.arch: &apos;amd64&apos;, os.version: &apos;10.0&apos;, java.version: &apos;17.0.3&apos;
Driver info: org.openqa.selenium.chrome.ChromeDriver
Command: [cb0a7a398e4283177cf61c010e9b52b4, get {url=https://tutorialsninja.com/demo/}]
Capabilities {acceptInsecureCerts: false, browserName: chrome, browserVersion: 118.0.5993.118, chrome: {chromedriverVersion: 118.0.5993.70 (e52f33f30b91..., userDataDir: C:\Users\Raghav\AppData\Loc...}, fedcm:accounts: true, goog:chromeOptions: {debuggerAddress: localhost:62234}, networkConnectionEnabled: false, pageLoadStrategy: normal, platformName: windows, proxy: Proxy(), se:cdp: ws://localhost:62234/devtoo..., se:cdpVersion: 118.0.5993.118, setWindowRect: true, strictFileInteractability: false, timeouts: {implicit: 0, pageLoad: 300000, script: 30000}, unhandledPromptBehavior: dismiss and notify, webauthn:extension:credBlob: true, webauthn:extension:largeBlob: true, webauthn:extension:minPinLength: true, webauthn:extension:prf: true, webauthn:virtualAuthenticators: true}
Session ID: cb0a7a398e4283177cf61c010e9b52b4
	at org.openqa.selenium.remote.codec.w3c.W3CHttpResponseCodec.createException(W3CHttpResponseCodec.java:200)
	at org.openqa.selenium.remote.codec.w3c.W3CHttpResponseCodec.decode(W3CHttpResponseCodec.java:133)
	at org.openqa.selenium.remote.codec.w3c.W3CHttpResponseCodec.decode(W3CHttpResponseCodec.java:52)
	at org.openqa.selenium.remote.HttpCommandExecutor.execute(HttpCommandExecutor.java:191)
	at org.openqa.selenium.remote.service.DriverCommandExecutor.invokeExecute(DriverCommandExecutor.java:200)
	at org.openqa.selenium.remote.service.DriverCommandExecutor.execute(DriverCommandExecutor.java:175)
	at org.openqa.selenium.remote.RemoteWebDriver.execute(RemoteWebDriver.java:602)
	at org.openqa.selenium.remote.RemoteWebDriver.get(RemoteWebDriver.java:304)
	at com.tutorialsninja.qa.baseclass.BaseClass.initializeBrowserAndOpenURl(BaseClass.java:52)
	at com.tutorialsninja.qa.testcases.Login.setup(Login.java:31)
... Removed 32 stack frames
</div> <!-- stack-trace -->
                </div> <!-- method-content -->
              </div> <!-- method -->
              <div class="method">
                <div class="method-content">
                  <a name="TC_LF_002_verifyLoginWithInValidCredentialsDataProviderExcel(abs2@cmail.com, 124)">
                  </a> <!-- TC_LF_002_verifyLoginWithInValidCredentialsDataProviderExcel(abs2@cmail.com, 124) -->
                  <span class="method-name">TC_LF_002_verifyLoginWithInValidCredentialsDataProviderExcel</span>
                  <span class="parameters">(abs2@cmail.com, 124)</span>
                  <div class="stack-trace">org.openqa.selenium.TimeoutException: timeout: Timed out receiving message from renderer: 9.043
  (Session info: chrome=118.0.5993.118)
Build info: version: &apos;4.14.1&apos;, revision: &apos;03f8ede370&apos;
System info: os.name: &apos;Windows 11&apos;, os.arch: &apos;amd64&apos;, os.version: &apos;10.0&apos;, java.version: &apos;17.0.3&apos;
Driver info: org.openqa.selenium.chrome.ChromeDriver
Command: [cb0a7a398e4283177cf61c010e9b52b4, get {url=https://tutorialsninja.com/demo/}]
Capabilities {acceptInsecureCerts: false, browserName: chrome, browserVersion: 118.0.5993.118, chrome: {chromedriverVersion: 118.0.5993.70 (e52f33f30b91..., userDataDir: C:\Users\Raghav\AppData\Loc...}, fedcm:accounts: true, goog:chromeOptions: {debuggerAddress: localhost:62234}, networkConnectionEnabled: false, pageLoadStrategy: normal, platformName: windows, proxy: Proxy(), se:cdp: ws://localhost:62234/devtoo..., se:cdpVersion: 118.0.5993.118, setWindowRect: true, strictFileInteractability: false, timeouts: {implicit: 0, pageLoad: 300000, script: 30000}, unhandledPromptBehavior: dismiss and notify, webauthn:extension:credBlob: true, webauthn:extension:largeBlob: true, webauthn:extension:minPinLength: true, webauthn:extension:prf: true, webauthn:virtualAuthenticators: true}
Session ID: cb0a7a398e4283177cf61c010e9b52b4
	at org.openqa.selenium.remote.codec.w3c.W3CHttpResponseCodec.createException(W3CHttpResponseCodec.java:200)
	at org.openqa.selenium.remote.codec.w3c.W3CHttpResponseCodec.decode(W3CHttpResponseCodec.java:133)
	at org.openqa.selenium.remote.codec.w3c.W3CHttpResponseCodec.decode(W3CHttpResponseCodec.java:52)
	at org.openqa.selenium.remote.HttpCommandExecutor.execute(HttpCommandExecutor.java:191)
	at org.openqa.selenium.remote.service.DriverCommandExecutor.invokeExecute(DriverCommandExecutor.java:200)
	at org.openqa.selenium.remote.service.DriverCommandExecutor.execute(DriverCommandExecutor.java:175)
	at org.openqa.selenium.remote.RemoteWebDriver.execute(RemoteWebDriver.java:602)
	at org.openqa.selenium.remote.RemoteWebDriver.get(RemoteWebDriver.java:304)
	at com.tutorialsninja.qa.baseclass.BaseClass.initializeBrowserAndOpenURl(BaseClass.java:52)
	at com.tutorialsninja.qa.testcases.Login.setup(Login.java:31)
... Removed 32 stack frames
</div> <!-- stack-trace -->
                </div> <!-- method-content -->
              </div> <!-- method -->
              <div class="method">
                <div class="method-content">
                  <a name="TC_LF_002_verifyLoginWithInValidCredentialsDataProviderExcel(addasasdbs@cmail.com, 123)">
                  </a> <!-- TC_LF_002_verifyLoginWithInValidCredentialsDataProviderExcel(addasasdbs@cmail.com, 123) -->
                  <span class="method-name">TC_LF_002_verifyLoginWithInValidCredentialsDataProviderExcel</span>
                  <span class="parameters">(addasasdbs@cmail.com, 123)</span>
                  <div class="stack-trace">org.openqa.selenium.TimeoutException: timeout: Timed out receiving message from renderer: 9.043
  (Session info: chrome=118.0.5993.118)
Build info: version: &apos;4.14.1&apos;, revision: &apos;03f8ede370&apos;
System info: os.name: &apos;Windows 11&apos;, os.arch: &apos;amd64&apos;, os.version: &apos;10.0&apos;, java.version: &apos;17.0.3&apos;
Driver info: org.openqa.selenium.chrome.ChromeDriver
Command: [cb0a7a398e4283177cf61c010e9b52b4, get {url=https://tutorialsninja.com/demo/}]
Capabilities {acceptInsecureCerts: false, browserName: chrome, browserVersion: 118.0.5993.118, chrome: {chromedriverVersion: 118.0.5993.70 (e52f33f30b91..., userDataDir: C:\Users\Raghav\AppData\Loc...}, fedcm:accounts: true, goog:chromeOptions: {debuggerAddress: localhost:62234}, networkConnectionEnabled: false, pageLoadStrategy: normal, platformName: windows, proxy: Proxy(), se:cdp: ws://localhost:62234/devtoo..., se:cdpVersion: 118.0.5993.118, setWindowRect: true, strictFileInteractability: false, timeouts: {implicit: 0, pageLoad: 300000, script: 30000}, unhandledPromptBehavior: dismiss and notify, webauthn:extension:credBlob: true, webauthn:extension:largeBlob: true, webauthn:extension:minPinLength: true, webauthn:extension:prf: true, webauthn:virtualAuthenticators: true}
Session ID: cb0a7a398e4283177cf61c010e9b52b4
	at org.openqa.selenium.remote.codec.w3c.W3CHttpResponseCodec.createException(W3CHttpResponseCodec.java:200)
	at org.openqa.selenium.remote.codec.w3c.W3CHttpResponseCodec.decode(W3CHttpResponseCodec.java:133)
	at org.openqa.selenium.remote.codec.w3c.W3CHttpResponseCodec.decode(W3CHttpResponseCodec.java:52)
	at org.openqa.selenium.remote.HttpCommandExecutor.execute(HttpCommandExecutor.java:191)
	at org.openqa.selenium.remote.service.DriverCommandExecutor.invokeExecute(DriverCommandExecutor.java:200)
	at org.openqa.selenium.remote.service.DriverCommandExecutor.execute(DriverCommandExecutor.java:175)
	at org.openqa.selenium.remote.RemoteWebDriver.execute(RemoteWebDriver.java:602)
	at org.openqa.selenium.remote.RemoteWebDriver.get(RemoteWebDriver.java:304)
	at com.tutorialsninja.qa.baseclass.BaseClass.initializeBrowserAndOpenURl(BaseClass.java:52)
	at com.tutorialsninja.qa.testcases.Login.setup(Login.java:31)
... Removed 32 stack frames
</div> <!-- stack-trace -->
                </div> <!-- method-content -->
              </div> <!-- method -->
              <div class="method">
                <div class="method-content">
                  <a name="TC_LF_003_verifyLoginWithInalidEmailAndValidPassword">
                  </a> <!-- TC_LF_003_verifyLoginWithInalidEmailAndValidPassword -->
                  <span class="method-name">TC_LF_003_verifyLoginWithInalidEmailAndValidPassword</span>
                  <div class="stack-trace">org.openqa.selenium.TimeoutException: timeout: Timed out receiving message from renderer: 9.043
  (Session info: chrome=118.0.5993.118)
Build info: version: &apos;4.14.1&apos;, revision: &apos;03f8ede370&apos;
System info: os.name: &apos;Windows 11&apos;, os.arch: &apos;amd64&apos;, os.version: &apos;10.0&apos;, java.version: &apos;17.0.3&apos;
Driver info: org.openqa.selenium.chrome.ChromeDriver
Command: [cb0a7a398e4283177cf61c010e9b52b4, get {url=https://tutorialsninja.com/demo/}]
Capabilities {acceptInsecureCerts: false, browserName: chrome, browserVersion: 118.0.5993.118, chrome: {chromedriverVersion: 118.0.5993.70 (e52f33f30b91..., userDataDir: C:\Users\Raghav\AppData\Loc...}, fedcm:accounts: true, goog:chromeOptions: {debuggerAddress: localhost:62234}, networkConnectionEnabled: false, pageLoadStrategy: normal, platformName: windows, proxy: Proxy(), se:cdp: ws://localhost:62234/devtoo..., se:cdpVersion: 118.0.5993.118, setWindowRect: true, strictFileInteractability: false, timeouts: {implicit: 0, pageLoad: 300000, script: 30000}, unhandledPromptBehavior: dismiss and notify, webauthn:extension:credBlob: true, webauthn:extension:largeBlob: true, webauthn:extension:minPinLength: true, webauthn:extension:prf: true, webauthn:virtualAuthenticators: true}
Session ID: cb0a7a398e4283177cf61c010e9b52b4
	at org.openqa.selenium.remote.codec.w3c.W3CHttpResponseCodec.createException(W3CHttpResponseCodec.java:200)
	at org.openqa.selenium.remote.codec.w3c.W3CHttpResponseCodec.decode(W3CHttpResponseCodec.java:133)
	at org.openqa.selenium.remote.codec.w3c.W3CHttpResponseCodec.decode(W3CHttpResponseCodec.java:52)
	at org.openqa.selenium.remote.HttpCommandExecutor.execute(HttpCommandExecutor.java:191)
	at org.openqa.selenium.remote.service.DriverCommandExecutor.invokeExecute(DriverCommandExecutor.java:200)
	at org.openqa.selenium.remote.service.DriverCommandExecutor.execute(DriverCommandExecutor.java:175)
	at org.openqa.selenium.remote.RemoteWebDriver.execute(RemoteWebDriver.java:602)
	at org.openqa.selenium.remote.RemoteWebDriver.get(RemoteWebDriver.java:304)
	at com.tutorialsninja.qa.baseclass.BaseClass.initializeBrowserAndOpenURl(BaseClass.java:52)
	at com.tutorialsninja.qa.testcases.Login.setup(Login.java:31)
... Removed 32 stack frames
</div> <!-- stack-trace -->
                </div> <!-- method-content -->
              </div> <!-- method -->
              <div class="method">
                <div class="method-content">
                  <a name="TC_LF_004_verifyLoginWithValidEmailAndInvalidPassword">
                  </a> <!-- TC_LF_004_verifyLoginWithValidEmailAndInvalidPassword -->
                  <span class="method-name">TC_LF_004_verifyLoginWithValidEmailAndInvalidPassword</span>
                  <div class="stack-trace">org.openqa.selenium.TimeoutException: timeout: Timed out receiving message from renderer: 9.043
  (Session info: chrome=118.0.5993.118)
Build info: version: &apos;4.14.1&apos;, revision: &apos;03f8ede370&apos;
System info: os.name: &apos;Windows 11&apos;, os.arch: &apos;amd64&apos;, os.version: &apos;10.0&apos;, java.version: &apos;17.0.3&apos;
Driver info: org.openqa.selenium.chrome.ChromeDriver
Command: [cb0a7a398e4283177cf61c010e9b52b4, get {url=https://tutorialsninja.com/demo/}]
Capabilities {acceptInsecureCerts: false, browserName: chrome, browserVersion: 118.0.5993.118, chrome: {chromedriverVersion: 118.0.5993.70 (e52f33f30b91..., userDataDir: C:\Users\Raghav\AppData\Loc...}, fedcm:accounts: true, goog:chromeOptions: {debuggerAddress: localhost:62234}, networkConnectionEnabled: false, pageLoadStrategy: normal, platformName: windows, proxy: Proxy(), se:cdp: ws://localhost:62234/devtoo..., se:cdpVersion: 118.0.5993.118, setWindowRect: true, strictFileInteractability: false, timeouts: {implicit: 0, pageLoad: 300000, script: 30000}, unhandledPromptBehavior: dismiss and notify, webauthn:extension:credBlob: true, webauthn:extension:largeBlob: true, webauthn:extension:minPinLength: true, webauthn:extension:prf: true, webauthn:virtualAuthenticators: true}
Session ID: cb0a7a398e4283177cf61c010e9b52b4
	at org.openqa.selenium.remote.codec.w3c.W3CHttpResponseCodec.createException(W3CHttpResponseCodec.java:200)
	at org.openqa.selenium.remote.codec.w3c.W3CHttpResponseCodec.decode(W3CHttpResponseCodec.java:133)
	at org.openqa.selenium.remote.codec.w3c.W3CHttpResponseCodec.decode(W3CHttpResponseCodec.java:52)
	at org.openqa.selenium.remote.HttpCommandExecutor.execute(HttpCommandExecutor.java:191)
	at org.openqa.selenium.remote.service.DriverCommandExecutor.invokeExecute(DriverCommandExecutor.java:200)
	at org.openqa.selenium.remote.service.DriverCommandExecutor.execute(DriverCommandExecutor.java:175)
	at org.openqa.selenium.remote.RemoteWebDriver.execute(RemoteWebDriver.java:602)
	at org.openqa.selenium.remote.RemoteWebDriver.get(RemoteWebDriver.java:304)
	at com.tutorialsninja.qa.baseclass.BaseClass.initializeBrowserAndOpenURl(BaseClass.java:52)
	at com.tutorialsninja.qa.testcases.Login.setup(Login.java:31)
... Removed 32 stack frames
</div> <!-- stack-trace -->
                </div> <!-- method-content -->
              </div> <!-- method -->
              <div class="method">
                <div class="method-content">
                  <a name="TC_LF_005_verifyLoginWithputProvidingCredentials">
                  </a> <!-- TC_LF_005_verifyLoginWithputProvidingCredentials -->
                  <span class="method-name">TC_LF_005_verifyLoginWithputProvidingCredentials</span>
                  <div class="stack-trace">org.openqa.selenium.TimeoutException: timeout: Timed out receiving message from renderer: 9.043
  (Session info: chrome=118.0.5993.118)
Build info: version: &apos;4.14.1&apos;, revision: &apos;03f8ede370&apos;
System info: os.name: &apos;Windows 11&apos;, os.arch: &apos;amd64&apos;, os.version: &apos;10.0&apos;, java.version: &apos;17.0.3&apos;
Driver info: org.openqa.selenium.chrome.ChromeDriver
Command: [cb0a7a398e4283177cf61c010e9b52b4, get {url=https://tutorialsninja.com/demo/}]
Capabilities {acceptInsecureCerts: false, browserName: chrome, browserVersion: 118.0.5993.118, chrome: {chromedriverVersion: 118.0.5993.70 (e52f33f30b91..., userDataDir: C:\Users\Raghav\AppData\Loc...}, fedcm:accounts: true, goog:chromeOptions: {debuggerAddress: localhost:62234}, networkConnectionEnabled: false, pageLoadStrategy: normal, platformName: windows, proxy: Proxy(), se:cdp: ws://localhost:62234/devtoo..., se:cdpVersion: 118.0.5993.118, setWindowRect: true, strictFileInteractability: false, timeouts: {implicit: 0, pageLoad: 300000, script: 30000}, unhandledPromptBehavior: dismiss and notify, webauthn:extension:credBlob: true, webauthn:extension:largeBlob: true, webauthn:extension:minPinLength: true, webauthn:extension:prf: true, webauthn:virtualAuthenticators: true}
Session ID: cb0a7a398e4283177cf61c010e9b52b4
	at org.openqa.selenium.remote.codec.w3c.W3CHttpResponseCodec.createException(W3CHttpResponseCodec.java:200)
	at org.openqa.selenium.remote.codec.w3c.W3CHttpResponseCodec.decode(W3CHttpResponseCodec.java:133)
	at org.openqa.selenium.remote.codec.w3c.W3CHttpResponseCodec.decode(W3CHttpResponseCodec.java:52)
	at org.openqa.selenium.remote.HttpCommandExecutor.execute(HttpCommandExecutor.java:191)
	at org.openqa.selenium.remote.service.DriverCommandExecutor.invokeExecute(DriverCommandExecutor.java:200)
	at org.openqa.selenium.remote.service.DriverCommandExecutor.execute(DriverCommandExecutor.java:175)
	at org.openqa.selenium.remote.RemoteWebDriver.execute(RemoteWebDriver.java:602)
	at org.openqa.selenium.remote.RemoteWebDriver.get(RemoteWebDriver.java:304)
	at com.tutorialsninja.qa.baseclass.BaseClass.initializeBrowserAndOpenURl(BaseClass.java:52)
	at com.tutorialsninja.qa.testcases.Login.setup(Login.java:31)
... Removed 32 stack frames
</div> <!-- stack-trace -->
                </div> <!-- method-content -->
              </div> <!-- method -->
            </div> <!-- main-panel-content rounded-window-bottom -->
          </div> <!-- suite-Tutorials_Ninja_Web_App-class-skipped -->
          <div class="suite-Tutorials_Ninja_Web_App-class-skipped">
            <div class="main-panel-header rounded-window-top">
              <img src="skipped.png"/>
              <span class="class-name">com.tutorialsninja.qa.testcases.Search</span>
            </div> <!-- main-panel-header rounded-window-top -->
            <div class="main-panel-content rounded-window-bottom">
              <div class="method">
                <div class="method-content">
                  <a name="TC_SF_002_verifySearchWithInValidProduct">
                  </a> <!-- TC_SF_002_verifySearchWithInValidProduct -->
                  <span class="method-name">TC_SF_002_verifySearchWithInValidProduct</span>
                  <div class="stack-trace">org.openqa.selenium.TimeoutException: timeout: Timed out receiving message from renderer: 9.166
  (Session info: chrome=118.0.5993.118)
Build info: version: &apos;4.14.1&apos;, revision: &apos;03f8ede370&apos;
System info: os.name: &apos;Windows 11&apos;, os.arch: &apos;amd64&apos;, os.version: &apos;10.0&apos;, java.version: &apos;17.0.3&apos;
Driver info: org.openqa.selenium.chrome.ChromeDriver
Command: [6db2e00646bccfb7a4519379ea50317f, get {url=https://tutorialsninja.com/demo/}]
Capabilities {acceptInsecureCerts: false, browserName: chrome, browserVersion: 118.0.5993.118, chrome: {chromedriverVersion: 118.0.5993.70 (e52f33f30b91..., userDataDir: C:\Users\Raghav\AppData\Loc...}, fedcm:accounts: true, goog:chromeOptions: {debuggerAddress: localhost:62128}, networkConnectionEnabled: false, pageLoadStrategy: normal, platformName: windows, proxy: Proxy(), se:cdp: ws://localhost:62128/devtoo..., se:cdpVersion: 118.0.5993.118, setWindowRect: true, strictFileInteractability: false, timeouts: {implicit: 0, pageLoad: 300000, script: 30000}, unhandledPromptBehavior: dismiss and notify, webauthn:extension:credBlob: true, webauthn:extension:largeBlob: true, webauthn:extension:minPinLength: true, webauthn:extension:prf: true, webauthn:virtualAuthenticators: true}
Session ID: 6db2e00646bccfb7a4519379ea50317f
	at org.openqa.selenium.remote.codec.w3c.W3CHttpResponseCodec.createException(W3CHttpResponseCodec.java:200)
	at org.openqa.selenium.remote.codec.w3c.W3CHttpResponseCodec.decode(W3CHttpResponseCodec.java:133)
	at org.openqa.selenium.remote.codec.w3c.W3CHttpResponseCodec.decode(W3CHttpResponseCodec.java:52)
	at org.openqa.selenium.remote.HttpCommandExecutor.execute(HttpCommandExecutor.java:191)
	at org.openqa.selenium.remote.service.DriverCommandExecutor.invokeExecute(DriverCommandExecutor.java:200)
	at org.openqa.selenium.remote.service.DriverCommandExecutor.execute(DriverCommandExecutor.java:175)
	at org.openqa.selenium.remote.RemoteWebDriver.execute(RemoteWebDriver.java:602)
	at org.openqa.selenium.remote.RemoteWebDriver.get(RemoteWebDriver.java:304)
	at com.tutorialsninja.qa.baseclass.BaseClass.initializeBrowserAndOpenURl(BaseClass.java:52)
	at com.tutorialsninja.qa.testcases.Search.setup(Search.java:27)
... Removed 32 stack frames
</div> <!-- stack-trace -->
                </div> <!-- method-content -->
              </div> <!-- method -->
              <div class="method">
                <div class="method-content">
                  <a name="TC_SF_003_verifySearchWithoutEnteringProduct">
                  </a> <!-- TC_SF_003_verifySearchWithoutEnteringProduct -->
                  <span class="method-name">TC_SF_003_verifySearchWithoutEnteringProduct</span>
                  <div class="stack-trace">org.openqa.selenium.TimeoutException: timeout: Timed out receiving message from renderer: 9.166
  (Session info: chrome=118.0.5993.118)
Build info: version: &apos;4.14.1&apos;, revision: &apos;03f8ede370&apos;
System info: os.name: &apos;Windows 11&apos;, os.arch: &apos;amd64&apos;, os.version: &apos;10.0&apos;, java.version: &apos;17.0.3&apos;
Driver info: org.openqa.selenium.chrome.ChromeDriver
Command: [6db2e00646bccfb7a4519379ea50317f, get {url=https://tutorialsninja.com/demo/}]
Capabilities {acceptInsecureCerts: false, browserName: chrome, browserVersion: 118.0.5993.118, chrome: {chromedriverVersion: 118.0.5993.70 (e52f33f30b91..., userDataDir: C:\Users\Raghav\AppData\Loc...}, fedcm:accounts: true, goog:chromeOptions: {debuggerAddress: localhost:62128}, networkConnectionEnabled: false, pageLoadStrategy: normal, platformName: windows, proxy: Proxy(), se:cdp: ws://localhost:62128/devtoo..., se:cdpVersion: 118.0.5993.118, setWindowRect: true, strictFileInteractability: false, timeouts: {implicit: 0, pageLoad: 300000, script: 30000}, unhandledPromptBehavior: dismiss and notify, webauthn:extension:credBlob: true, webauthn:extension:largeBlob: true, webauthn:extension:minPinLength: true, webauthn:extension:prf: true, webauthn:virtualAuthenticators: true}
Session ID: 6db2e00646bccfb7a4519379ea50317f
	at org.openqa.selenium.remote.codec.w3c.W3CHttpResponseCodec.createException(W3CHttpResponseCodec.java:200)
	at org.openqa.selenium.remote.codec.w3c.W3CHttpResponseCodec.decode(W3CHttpResponseCodec.java:133)
	at org.openqa.selenium.remote.codec.w3c.W3CHttpResponseCodec.decode(W3CHttpResponseCodec.java:52)
	at org.openqa.selenium.remote.HttpCommandExecutor.execute(HttpCommandExecutor.java:191)
	at org.openqa.selenium.remote.service.DriverCommandExecutor.invokeExecute(DriverCommandExecutor.java:200)
	at org.openqa.selenium.remote.service.DriverCommandExecutor.execute(DriverCommandExecutor.java:175)
	at org.openqa.selenium.remote.RemoteWebDriver.execute(RemoteWebDriver.java:602)
	at org.openqa.selenium.remote.RemoteWebDriver.get(RemoteWebDriver.java:304)
	at com.tutorialsninja.qa.baseclass.BaseClass.initializeBrowserAndOpenURl(BaseClass.java:52)
	at com.tutorialsninja.qa.testcases.Search.setup(Search.java:27)
... Removed 32 stack frames
</div> <!-- stack-trace -->
                </div> <!-- method-content -->
              </div> <!-- method -->
            </div> <!-- main-panel-content rounded-window-bottom -->
          </div> <!-- suite-Tutorials_Ninja_Web_App-class-skipped -->
          <div class="suite-Tutorials_Ninja_Web_App-class-skipped">
            <div class="main-panel-header rounded-window-top">
              <img src="skipped.png"/>
              <span class="class-name">com.tutorialsninja.qa.testcases.Register</span>
            </div> <!-- main-panel-header rounded-window-top -->
            <div class="main-panel-content rounded-window-bottom">
              <div class="method">
                <div class="method-content">
                  <a name="TC_RF_004_verifyRegisterAccountWithoutGivingAnyFields">
                  </a> <!-- TC_RF_004_verifyRegisterAccountWithoutGivingAnyFields -->
                  <span class="method-name">TC_RF_004_verifyRegisterAccountWithoutGivingAnyFields</span>
                  <div class="stack-trace">org.openqa.selenium.TimeoutException: timeout: Timed out receiving message from renderer: 9.137
  (Session info: chrome=118.0.5993.118)
Build info: version: &apos;4.14.1&apos;, revision: &apos;03f8ede370&apos;
System info: os.name: &apos;Windows 11&apos;, os.arch: &apos;amd64&apos;, os.version: &apos;10.0&apos;, java.version: &apos;17.0.3&apos;
Driver info: org.openqa.selenium.chrome.ChromeDriver
Command: [99356e72f2fd397a3474ff574803680b, get {url=https://tutorialsninja.com/demo/}]
Capabilities {acceptInsecureCerts: false, browserName: chrome, browserVersion: 118.0.5993.118, chrome: {chromedriverVersion: 118.0.5993.70 (e52f33f30b91..., userDataDir: C:\Users\Raghav\AppData\Loc...}, fedcm:accounts: true, goog:chromeOptions: {debuggerAddress: localhost:62252}, networkConnectionEnabled: false, pageLoadStrategy: normal, platformName: windows, proxy: Proxy(), se:cdp: ws://localhost:62252/devtoo..., se:cdpVersion: 118.0.5993.118, setWindowRect: true, strictFileInteractability: false, timeouts: {implicit: 0, pageLoad: 300000, script: 30000}, unhandledPromptBehavior: dismiss and notify, webauthn:extension:credBlob: true, webauthn:extension:largeBlob: true, webauthn:extension:minPinLength: true, webauthn:extension:prf: true, webauthn:virtualAuthenticators: true}
Session ID: 99356e72f2fd397a3474ff574803680b
	at org.openqa.selenium.remote.codec.w3c.W3CHttpResponseCodec.createException(W3CHttpResponseCodec.java:200)
	at org.openqa.selenium.remote.codec.w3c.W3CHttpResponseCodec.decode(W3CHttpResponseCodec.java:133)
	at org.openqa.selenium.remote.codec.w3c.W3CHttpResponseCodec.decode(W3CHttpResponseCodec.java:52)
	at org.openqa.selenium.remote.HttpCommandExecutor.execute(HttpCommandExecutor.java:191)
	at org.openqa.selenium.remote.service.DriverCommandExecutor.invokeExecute(DriverCommandExecutor.java:200)
	at org.openqa.selenium.remote.service.DriverCommandExecutor.execute(DriverCommandExecutor.java:175)
	at org.openqa.selenium.remote.RemoteWebDriver.execute(RemoteWebDriver.java:602)
	at org.openqa.selenium.remote.RemoteWebDriver.get(RemoteWebDriver.java:304)
	at com.tutorialsninja.qa.baseclass.BaseClass.initializeBrowserAndOpenURl(BaseClass.java:52)
	at com.tutorialsninja.qa.testcases.Register.setup(Register.java:28)
... Removed 32 stack frames
</div> <!-- stack-trace -->
                </div> <!-- method-content -->
              </div> <!-- method -->
              <div class="method">
                <div class="method-content">
                  <a name="TC_RF_009_verifyRegisterAccountWithExsitingEmailAddress">
                  </a> <!-- TC_RF_009_verifyRegisterAccountWithExsitingEmailAddress -->
                  <span class="method-name">TC_RF_009_verifyRegisterAccountWithExsitingEmailAddress</span>
                  <div class="stack-trace">org.openqa.selenium.TimeoutException: timeout: Timed out receiving message from renderer: 9.137
  (Session info: chrome=118.0.5993.118)
Build info: version: &apos;4.14.1&apos;, revision: &apos;03f8ede370&apos;
System info: os.name: &apos;Windows 11&apos;, os.arch: &apos;amd64&apos;, os.version: &apos;10.0&apos;, java.version: &apos;17.0.3&apos;
Driver info: org.openqa.selenium.chrome.ChromeDriver
Command: [99356e72f2fd397a3474ff574803680b, get {url=https://tutorialsninja.com/demo/}]
Capabilities {acceptInsecureCerts: false, browserName: chrome, browserVersion: 118.0.5993.118, chrome: {chromedriverVersion: 118.0.5993.70 (e52f33f30b91..., userDataDir: C:\Users\Raghav\AppData\Loc...}, fedcm:accounts: true, goog:chromeOptions: {debuggerAddress: localhost:62252}, networkConnectionEnabled: false, pageLoadStrategy: normal, platformName: windows, proxy: Proxy(), se:cdp: ws://localhost:62252/devtoo..., se:cdpVersion: 118.0.5993.118, setWindowRect: true, strictFileInteractability: false, timeouts: {implicit: 0, pageLoad: 300000, script: 30000}, unhandledPromptBehavior: dismiss and notify, webauthn:extension:credBlob: true, webauthn:extension:largeBlob: true, webauthn:extension:minPinLength: true, webauthn:extension:prf: true, webauthn:virtualAuthenticators: true}
Session ID: 99356e72f2fd397a3474ff574803680b
	at org.openqa.selenium.remote.codec.w3c.W3CHttpResponseCodec.createException(W3CHttpResponseCodec.java:200)
	at org.openqa.selenium.remote.codec.w3c.W3CHttpResponseCodec.decode(W3CHttpResponseCodec.java:133)
	at org.openqa.selenium.remote.codec.w3c.W3CHttpResponseCodec.decode(W3CHttpResponseCodec.java:52)
	at org.openqa.selenium.remote.HttpCommandExecutor.execute(HttpCommandExecutor.java:191)
	at org.openqa.selenium.remote.service.DriverCommandExecutor.invokeExecute(DriverCommandExecutor.java:200)
	at org.openqa.selenium.remote.service.DriverCommandExecutor.execute(DriverCommandExecutor.java:175)
	at org.openqa.selenium.remote.RemoteWebDriver.execute(RemoteWebDriver.java:602)
	at org.openqa.selenium.remote.RemoteWebDriver.get(RemoteWebDriver.java:304)
	at com.tutorialsninja.qa.baseclass.BaseClass.initializeBrowserAndOpenURl(BaseClass.java:52)
	at com.tutorialsninja.qa.testcases.Register.setup(Register.java:28)
... Removed 32 stack frames
</div> <!-- stack-trace -->
                </div> <!-- method-content -->
              </div> <!-- method -->
            </div> <!-- main-panel-content rounded-window-bottom -->
          </div> <!-- suite-Tutorials_Ninja_Web_App-class-skipped -->
          <div class="suite-Tutorials_Ninja_Web_App-class-passed">
            <div class="main-panel-header rounded-window-top">
              <img src="passed.png"/>
              <span class="class-name">com.tutorialsninja.qa.testcases.Login</span>
            </div> <!-- main-panel-header rounded-window-top -->
            <div class="main-panel-content rounded-window-bottom">
              <div class="method">
                <div class="method-content">
                  <a name="TC_LF_001_verifyLoginWithValidCredentials">
                  </a> <!-- TC_LF_001_verifyLoginWithValidCredentials -->
                  <span class="method-name">TC_LF_001_verifyLoginWithValidCredentials</span>
                </div> <!-- method-content -->
              </div> <!-- method -->
              <div class="method">
                <div class="method-content">
                  <a name="TC_LF_002_verifyLoginWithInValidCredentials">
                  </a> <!-- TC_LF_002_verifyLoginWithInValidCredentials -->
                  <span class="method-name">TC_LF_002_verifyLoginWithInValidCredentials</span>
                </div> <!-- method-content -->
              </div> <!-- method -->
              <div class="method">
                <div class="method-content">
                  <a name="TC_LF_002_verifyLoginWithInValidCredentialsDataProvider(abs@cmdail.com, 1234)">
                  </a> <!-- TC_LF_002_verifyLoginWithInValidCredentialsDataProvider(abs@cmdail.com, 1234) -->
                  <span class="method-name">TC_LF_002_verifyLoginWithInValidCredentialsDataProvider</span>
                  <span class="parameters">(abs@cmdail.com, 1234)</span>
                </div> <!-- method-content -->
              </div> <!-- method -->
            </div> <!-- main-panel-content rounded-window-bottom -->
          </div> <!-- suite-Tutorials_Ninja_Web_App-class-passed -->
          <div class="suite-Tutorials_Ninja_Web_App-class-passed">
            <div class="main-panel-header rounded-window-top">
              <img src="passed.png"/>
              <span class="class-name">com.tutorialsninja.qa.testcases.Search</span>
            </div> <!-- main-panel-header rounded-window-top -->
            <div class="main-panel-content rounded-window-bottom">
              <div class="method">
                <div class="method-content">
                  <a name="TC_SF_001_verifySearchWithValidProduct">
                  </a> <!-- TC_SF_001_verifySearchWithValidProduct -->
                  <span class="method-name">TC_SF_001_verifySearchWithValidProduct</span>
                </div> <!-- method-content -->
              </div> <!-- method -->
            </div> <!-- main-panel-content rounded-window-bottom -->
          </div> <!-- suite-Tutorials_Ninja_Web_App-class-passed -->
          <div class="suite-Tutorials_Ninja_Web_App-class-passed">
            <div class="main-panel-header rounded-window-top">
              <img src="passed.png"/>
              <span class="class-name">com.tutorialsninja.qa.testcases.Register</span>
            </div> <!-- main-panel-header rounded-window-top -->
            <div class="main-panel-content rounded-window-bottom">
              <div class="method">
                <div class="method-content">
                  <a name="TC_RF_001_verifyRegisterAccountWithAllFields">
                  </a> <!-- TC_RF_001_verifyRegisterAccountWithAllFields -->
                  <span class="method-name">TC_RF_001_verifyRegisterAccountWithAllFields</span>
                </div> <!-- method-content -->
              </div> <!-- method -->
              <div class="method">
                <div class="method-content">
                  <a name="TC_RF_001_verifyRegisterAccountWithMandatoryFields">
                  </a> <!-- TC_RF_001_verifyRegisterAccountWithMandatoryFields -->
                  <span class="method-name">TC_RF_001_verifyRegisterAccountWithMandatoryFields</span>
                </div> <!-- method-content -->
              </div> <!-- method -->
            </div> <!-- main-panel-content rounded-window-bottom -->
          </div> <!-- suite-Tutorials_Ninja_Web_App-class-passed -->
        </div> <!-- panel Tutorials_Ninja_Web_App -->
        <div panel-name="test-xml-Tutorials_Ninja_Web_App" class="panel">
          <div class="main-panel-header rounded-window-top">
            <span class="header-content">D:\Z_TutorialsNinjaProject_29_10_2023\src\test\resources\testng.xml</span>
          </div> <!-- main-panel-header rounded-window-top -->
          <div class="main-panel-content rounded-window-bottom">
            <pre>
&lt;?xml version=&quot;1.0&quot; encoding=&quot;UTF-8&quot;?&gt;
&lt;!DOCTYPE suite SYSTEM &quot;http://testng.org/testng-1.0.dtd&quot;&gt;
&lt;suite name=&quot;Tutorials Ninja Web App&quot; guice-stage=&quot;DEVELOPMENT&quot;&gt;
  &lt;listeners&gt;
    &lt;listener class-name=&quot;com.tutorialsninja.qa.listeners.MyListeners&quot;/&gt;
  &lt;/listeners&gt;
  &lt;test thread-count=&quot;5&quot; name=&quot;Tutorials Ninja Web App Test Cases&quot;&gt;
    &lt;classes&gt;
      &lt;class name=&quot;com.tutorialsninja.qa.testcases.Register&quot;/&gt;
      &lt;class name=&quot;com.tutorialsninja.qa.testcases.Search&quot;/&gt;
      &lt;class name=&quot;com.tutorialsninja.qa.testcases.Login&quot;/&gt;
    &lt;/classes&gt;
  &lt;/test&gt; &lt;!-- Tutorials Ninja Web App Test Cases --&gt;
&lt;/suite&gt; &lt;!-- Tutorials Ninja Web App --&gt;
            </pre>
          </div> <!-- main-panel-content rounded-window-bottom -->
        </div> <!-- panel -->
        <div panel-name="testlist-Tutorials_Ninja_Web_App" class="panel">
          <div class="main-panel-header rounded-window-top">
            <span class="header-content">Tests for Tutorials Ninja Web App</span>
          </div> <!-- main-panel-header rounded-window-top -->
          <div class="main-panel-content rounded-window-bottom">
            <ul>
              <li>
                <span class="test-name">Tutorials Ninja Web App Test Cases (3 classes)</span>
              </li>
            </ul>
          </div> <!-- main-panel-content rounded-window-bottom -->
        </div> <!-- panel -->
        <div panel-name="group-Tutorials_Ninja_Web_App" class="panel">
          <div class="main-panel-header rounded-window-top">
            <span class="header-content">Groups for Tutorials Ninja Web App</span>
          </div> <!-- main-panel-header rounded-window-top -->
          <div class="main-panel-content rounded-window-bottom">
          </div> <!-- main-panel-content rounded-window-bottom -->
        </div> <!-- panel -->
        <div panel-name="times-Tutorials_Ninja_Web_App" class="panel">
          <div class="main-panel-header rounded-window-top">
            <span class="header-content">Times for Tutorials Ninja Web App</span>
          </div> <!-- main-panel-header rounded-window-top -->
          <div class="main-panel-content rounded-window-bottom">
            <div class="times-div">
              <script type="text/javascript">
suiteTableInitFunctions.push('tableData_Tutorials_Ninja_Web_App');
function tableData_Tutorials_Ninja_Web_App() {
var data = new google.visualization.DataTable();
data.addColumn('number', 'Number');
data.addColumn('string', 'Method');
data.addColumn('string', 'Class');
data.addColumn('number', 'Time (ms)');
data.addRows(18);
data.setCell(0, 0, 0)
data.setCell(0, 1, 'TC_RF_001_verifyRegisterAccountWithAllFields')
data.setCell(0, 2, 'com.tutorialsninja.qa.testcases.Register')
data.setCell(0, 3, 1158);
data.setCell(1, 0, 1)
data.setCell(1, 1, 'TC_RF_001_verifyRegisterAccountWithMandatoryFields')
data.setCell(1, 2, 'com.tutorialsninja.qa.testcases.Register')
data.setCell(1, 3, 1089);
data.setCell(2, 0, 2)
data.setCell(2, 1, 'TC_SF_001_verifySearchWithValidProduct')
data.setCell(2, 2, 'com.tutorialsninja.qa.testcases.Search')
data.setCell(2, 3, 810);
data.setCell(3, 0, 3)
data.setCell(3, 1, 'TC_LF_001_verifyLoginWithValidCredentials')
data.setCell(3, 2, 'com.tutorialsninja.qa.testcases.Login')
data.setCell(3, 3, 799);
data.setCell(4, 0, 4)
data.setCell(4, 1, 'TC_LF_002_verifyLoginWithInValidCredentials')
data.setCell(4, 2, 'com.tutorialsninja.qa.testcases.Login')
data.setCell(4, 3, 594);
data.setCell(5, 0, 5)
data.setCell(5, 1, 'TC_LF_002_verifyLoginWithInValidCredentialsDataProvider')
data.setCell(5, 2, 'com.tutorialsninja.qa.testcases.Login')
data.setCell(5, 3, 569);
data.setCell(6, 0, 6)
data.setCell(6, 1, 'TC_SF_002_verifySearchWithInValidProduct')
data.setCell(6, 2, 'com.tutorialsninja.qa.testcases.Search')
data.setCell(6, 3, 2);
data.setCell(7, 0, 7)
data.setCell(7, 1, 'TC_RF_004_verifyRegisterAccountWithoutGivingAnyFields')
data.setCell(7, 2, 'com.tutorialsninja.qa.testcases.Register')
data.setCell(7, 3, 2);
data.setCell(8, 0, 8)
data.setCell(8, 1, 'TC_SF_003_verifySearchWithoutEnteringProduct')
data.setCell(8, 2, 'com.tutorialsninja.qa.testcases.Search')
data.setCell(8, 3, 1);
data.setCell(9, 0, 9)
data.setCell(9, 1, 'TC_LF_005_verifyLoginWithputProvidingCredentials')
data.setCell(9, 2, 'com.tutorialsninja.qa.testcases.Login')
data.setCell(9, 3, 1);
data.setCell(10, 0, 10)
data.setCell(10, 1, 'TC_LF_004_verifyLoginWithValidEmailAndInvalidPassword')
data.setCell(10, 2, 'com.tutorialsninja.qa.testcases.Login')
data.setCell(10, 3, 1);
data.setCell(11, 0, 11)
data.setCell(11, 1, 'TC_LF_002_verifyLoginWithInValidCredentialsDataProvider')
data.setCell(11, 2, 'com.tutorialsninja.qa.testcases.Login')
data.setCell(11, 3, 1);
data.setCell(12, 0, 12)
data.setCell(12, 1, 'TC_LF_003_verifyLoginWithInalidEmailAndValidPassword')
data.setCell(12, 2, 'com.tutorialsninja.qa.testcases.Login')
data.setCell(12, 3, 1);
data.setCell(13, 0, 13)
data.setCell(13, 1, 'TC_LF_002_verifyLoginWithInValidCredentialsDataProvider')
data.setCell(13, 2, 'com.tutorialsninja.qa.testcases.Login')
data.setCell(13, 3, 1);
data.setCell(14, 0, 14)
data.setCell(14, 1, 'TC_LF_002_verifyLoginWithInValidCredentialsDataProviderExcel')
data.setCell(14, 2, 'com.tutorialsninja.qa.testcases.Login')
data.setCell(14, 3, 1);
data.setCell(15, 0, 15)
data.setCell(15, 1, 'TC_RF_009_verifyRegisterAccountWithExsitingEmailAddress')
data.setCell(15, 2, 'com.tutorialsninja.qa.testcases.Register')
data.setCell(15, 3, 1);
data.setCell(16, 0, 16)
data.setCell(16, 1, 'TC_LF_002_verifyLoginWithInValidCredentialsDataProviderExcel')
data.setCell(16, 2, 'com.tutorialsninja.qa.testcases.Login')
data.setCell(16, 3, 0);
data.setCell(17, 0, 17)
data.setCell(17, 1, 'TC_LF_002_verifyLoginWithInValidCredentialsDataProviderExcel')
data.setCell(17, 2, 'com.tutorialsninja.qa.testcases.Login')
data.setCell(17, 3, 0);
window.suiteTableData['Tutorials_Ninja_Web_App']= { tableData: data, tableDiv: 'times-div-Tutorials_Ninja_Web_App'}
return data;
}
              </script>
              <span class="suite-total-time">Total running time: 5 seconds</span>
              <div id="times-div-Tutorials_Ninja_Web_App">
              </div> <!-- times-div-Tutorials_Ninja_Web_App -->
            </div> <!-- times-div -->
          </div> <!-- main-panel-content rounded-window-bottom -->
        </div> <!-- panel -->
        <div panel-name="reporter-Tutorials_Ninja_Web_App" class="panel">
          <div class="main-panel-header rounded-window-top">
            <span class="header-content">Reporter output for Tutorials Ninja Web App</span>
          </div> <!-- main-panel-header rounded-window-top -->
          <div class="main-panel-content rounded-window-bottom">
          </div> <!-- main-panel-content rounded-window-bottom -->
        </div> <!-- panel -->
        <div panel-name="ignored-methods-Tutorials_Ninja_Web_App" class="panel">
          <div class="main-panel-header rounded-window-top">
            <span class="header-content">0 ignored methods</span>
          </div> <!-- main-panel-header rounded-window-top -->
          <div class="main-panel-content rounded-window-bottom">
          </div> <!-- main-panel-content rounded-window-bottom -->
        </div> <!-- panel -->
        <div panel-name="chronological-Tutorials_Ninja_Web_App" class="panel">
          <div class="main-panel-header rounded-window-top">
            <span class="header-content">Methods in chronological order</span>
          </div> <!-- main-panel-header rounded-window-top -->
          <div class="main-panel-content rounded-window-bottom">
            <div class="chronological-class">
              <div class="chronological-class-name">com.tutorialsninja.qa.testcases.Register</div> <!-- chronological-class-name -->
              <div class="configuration-method before">
                <span class="method-name">setup</span>
                <span class="method-start">0 ms</span>
              </div> <!-- configuration-method before -->
              <div class="test-method">
                <span class="method-name">TC_RF_001_verifyRegisterAccountWithMandatoryFields</span>
                <span class="method-start">10425 ms</span>
              </div> <!-- test-method -->
              <div class="configuration-method after">
                <span class="method-name">tearDown</span>
                <span class="method-start">11515 ms</span>
              </div> <!-- configuration-method after -->
            </div> <!-- chronological-class -->
            <div class="chronological-class">
              <div class="chronological-class-name">com.tutorialsninja.qa.testcases.Search</div> <!-- chronological-class-name -->
              <div class="configuration-method before">
                <span class="method-name">setup</span>
                <span class="method-start">11610 ms</span>
              </div> <!-- configuration-method before -->
              <div class="test-method">
                <span class="method-name">TC_SF_001_verifySearchWithValidProduct</span>
                <span class="method-start">19157 ms</span>
              </div> <!-- test-method -->
              <div class="configuration-method after">
                <span class="method-name">tearDown</span>
                <span class="method-start">19968 ms</span>
              </div> <!-- configuration-method after -->
              <div class="configuration-method before">
                <img src="failed.png">
                </img>
                <span class="method-name">setup</span>
                <span class="method-start">20115 ms</span>
              </div> <!-- configuration-method before -->
              <div class="test-method">
                <span class="method-name">TC_SF_002_verifySearchWithInValidProduct</span>
                <span class="method-start">31048 ms</span>
              </div> <!-- test-method -->
              <div class="test-method">
                <span class="method-name">TC_SF_003_verifySearchWithoutEnteringProduct</span>
                <span class="method-start">31056 ms</span>
              </div> <!-- test-method -->
            </div> <!-- chronological-class -->
            <div class="chronological-class">
              <div class="chronological-class-name">com.tutorialsninja.qa.testcases.Login</div> <!-- chronological-class-name -->
              <div class="configuration-method before">
                <span class="method-name">setup</span>
                <span class="method-start">31061 ms</span>
              </div> <!-- configuration-method before -->
              <div class="test-method">
                <span class="method-name">TC_LF_001_verifyLoginWithValidCredentials</span>
                <span class="method-start">38790 ms</span>
              </div> <!-- test-method -->
              <div class="configuration-method after">
                <span class="method-name">tearDown</span>
                <span class="method-start">39589 ms</span>
              </div> <!-- configuration-method after -->
            </div> <!-- chronological-class -->
            <div class="chronological-class">
              <div class="chronological-class-name">com.tutorialsninja.qa.testcases.Register</div> <!-- chronological-class-name -->
              <div class="configuration-method before">
                <span class="method-name">setup</span>
                <span class="method-start">39686 ms</span>
              </div> <!-- configuration-method before -->
              <div class="test-method">
                <span class="method-name">TC_RF_001_verifyRegisterAccountWithAllFields</span>
                <span class="method-start">52146 ms</span>
              </div> <!-- test-method -->
              <div class="configuration-method after">
                <span class="method-name">tearDown</span>
                <span class="method-start">53305 ms</span>
              </div> <!-- configuration-method after -->
            </div> <!-- chronological-class -->
            <div class="chronological-class">
              <div class="chronological-class-name">com.tutorialsninja.qa.testcases.Login</div> <!-- chronological-class-name -->
              <div class="configuration-method before">
                <span class="method-name">setup</span>
                <span class="method-start">53398 ms</span>
              </div> <!-- configuration-method before -->
              <div class="test-method">
                <span class="method-name">TC_LF_002_verifyLoginWithInValidCredentials</span>
                <span class="method-start">62613 ms</span>
              </div> <!-- test-method -->
              <div class="configuration-method after">
                <span class="method-name">tearDown</span>
                <span class="method-start">63208 ms</span>
              </div> <!-- configuration-method after -->
              <div class="configuration-method before">
                <span class="method-name">setup</span>
                <span class="method-start">63311 ms</span>
              </div> <!-- configuration-method before -->
              <div class="test-method">
                <span class="method-name">TC_LF_002_verifyLoginWithInValidCredentialsDataProvider(abs@cmdail.com, 1234)</span>
                <span class="method-start">73038 ms</span>
              </div> <!-- test-method -->
              <div class="configuration-method after">
                <span class="method-name">tearDown</span>
                <span class="method-start">73608 ms</span>
              </div> <!-- configuration-method after -->
              <div class="configuration-method before">
                <img src="failed.png">
                </img>
                <span class="method-name">setup</span>
                <span class="method-start">73741 ms</span>
              </div> <!-- configuration-method before -->
              <div class="test-method">
                <span class="method-name">TC_LF_002_verifyLoginWithInValidCredentialsDataProvider(abs@camdail.com, 12324)</span>
                <span class="method-start">84753 ms</span>
              </div> <!-- test-method -->
              <div class="test-method">
                <span class="method-name">TC_LF_002_verifyLoginWithInValidCredentialsDataProvider(absdas@cadmail.com, 12324)</span>
                <span class="method-start">84758 ms</span>
              </div> <!-- test-method -->
              <div class="test-method">
                <span class="method-name">TC_LF_002_verifyLoginWithInValidCredentialsDataProviderExcel(addasasdbs@cmail.com, 123)</span>
                <span class="method-start">85418 ms</span>
              </div> <!-- test-method -->
              <div class="test-method">
                <span class="method-name">TC_LF_002_verifyLoginWithInValidCredentialsDataProviderExcel(abs2@cmail.com, 124)</span>
                <span class="method-start">85422 ms</span>
              </div> <!-- test-method -->
              <div class="test-method">
                <span class="method-name">TC_LF_002_verifyLoginWithInValidCredentialsDataProviderExcel(abs@cmastail.com, 125)</span>
                <span class="method-start">85425 ms</span>
              </div> <!-- test-method -->
            </div> <!-- chronological-class -->
            <div class="chronological-class">
              <div class="chronological-class-name">com.tutorialsninja.qa.testcases.Register</div> <!-- chronological-class-name -->
              <div class="configuration-method before">
                <img src="failed.png">
                </img>
                <span class="method-name">setup</span>
                <span class="method-start">85427 ms</span>
              </div> <!-- configuration-method before -->
              <div class="test-method">
                <span class="method-name">TC_RF_004_verifyRegisterAccountWithoutGivingAnyFields</span>
                <span class="method-start">96420 ms</span>
              </div> <!-- test-method -->
              <div class="test-method">
                <span class="method-name">TC_RF_009_verifyRegisterAccountWithExsitingEmailAddress</span>
                <span class="method-start">96425 ms</span>
              </div> <!-- test-method -->
            </div> <!-- chronological-class -->
            <div class="chronological-class">
              <div class="chronological-class-name">com.tutorialsninja.qa.testcases.Login</div> <!-- chronological-class-name -->
              <div class="test-method">
                <span class="method-name">TC_LF_004_verifyLoginWithValidEmailAndInvalidPassword</span>
                <span class="method-start">96427 ms</span>
              </div> <!-- test-method -->
              <div class="test-method">
                <span class="method-name">TC_LF_003_verifyLoginWithInalidEmailAndValidPassword</span>
                <span class="method-start">96431 ms</span>
              </div> <!-- test-method -->
              <div class="test-method">
                <span class="method-name">TC_LF_005_verifyLoginWithputProvidingCredentials</span>
                <span class="method-start">96434 ms</span>
              </div> <!-- test-method -->
          </div> <!-- main-panel-content rounded-window-bottom -->
        </div> <!-- panel -->
      </div> <!-- main-panel-root -->
    </div> <!-- wrapper -->
  </body>
</html>
